#
# There is insufficient memory for the Java Runtime Environment to continue.
# Native memory allocation (mmap) failed to map 65536 bytes. Error detail: Failed to commit metaspace.
# Possible reasons:
#   The system is out of physical RAM or swap space
#   This process is running with CompressedOops enabled, and the Java Heap may be blocking the growth of the native heap
# Possible solutions:
#   Reduce memory load on the system
#   Increase physical memory or swap space
#   Check if swap backing store is full
#   Decrease Java heap size (-Xmx/-Xms)
#   Decrease number of Java threads
#   Decrease Java thread stack sizes (-Xss)
#   Set larger code cache with -XX:ReservedCodeCacheSize=
#   JVM is running with Zero Based Compressed Oops mode in which the Java heap is
#     placed in the first 32GB address space. The Java Heap base address is the
#     maximum limit for the native heap growth. Please use -XX:HeapBaseMinAddress
#     to set the Java Heap base and to place the Java Heap above 32GB virtual address.
# This output file may be truncated or incomplete.
#
#  Out of Memory Error (virtualSpaceNode.cpp:112), pid=9848, tid=20132
#
# JRE version: Java(TM) SE Runtime Environment (22.0.1+8) (build 22.0.1+8-16)
# Java VM: Java HotSpot(TM) 64-Bit Server VM (22.0.1+8-16, mixed mode, emulated-client, sharing, tiered, compressed oops, compressed class ptrs, g1 gc, windows-amd64)
# No core dump will be written. Minidumps are not enabled by default on client versions of Windows
#

---------------  S U M M A R Y ------------

Command Line: -agentlib:jdwp=transport=dt_socket,address=127.0.0.1:60936,suspend=y,server=n -XX:TieredStopAtLevel=1 -Dspring.output.ansi.enabled=always -Dcom.sun.management.jmxremote -Dspring.jmx.enabled=true -Dspring.liveBeansView.mbeanDomain -Dspring.application.admin.enabled=true -Dmanagement.endpoints.jmx.exposure.include=* -javaagent:C:\Users\ADMIN\AppData\Local\JetBrains\IntelliJIdea2024.1\captureAgent\debugger-agent.jar=file:/C:/Users/ADMIN/AppData/Local/Temp/capture.props -Dfile.encoding=UTF-8 -Dsun.stdout.encoding=UTF-8 -Dsun.stderr.encoding=UTF-8 com.homestay.HomestayApplication

Host: AMD Ryzen 5 5600H with Radeon Graphics         , 12 cores, 15G,  Windows 11 , 64 bit Build 22621 (10.0.22621.3958)
Time: Mon Nov 11 22:14:55 2024 SE Asia Standard Time elapsed time: 18.574269 seconds (0d 0h 0m 18s)

---------------  T H R E A D  ---------------

Current thread (0x0000016814949070):  JavaThread "http-nio-8080-exec-1" daemon [_thread_in_vm, id=20132, stack(0x0000001486d00000,0x0000001486e00000) (1024K)]

Stack: [0x0000001486d00000,0x0000001486e00000]
Native frames: (J=compiled Java code, j=interpreted, Vv=VM code, C=native code)
V  [jvm.dll+0x6e2279]  (no source info available)
V  [jvm.dll+0x874e33]  (no source info available)
V  [jvm.dll+0x87725e]  (no source info available)
V  [jvm.dll+0x877933]  (no source info available)
V  [jvm.dll+0x27fd76]  (no source info available)
V  [jvm.dll+0x870a7e]  (no source info available)
V  [jvm.dll+0x6852e5]  (no source info available)
V  [jvm.dll+0x68534a]  (no source info available)
V  [jvm.dll+0x687b8a]  (no source info available)
V  [jvm.dll+0x2250ac]  (no source info available)
V  [jvm.dll+0x685cfe]  (no source info available)
V  [jvm.dll+0x696f69]  (no source info available)
V  [jvm.dll+0x69015e]  (no source info available)
V  [jvm.dll+0x3da3c1]  (no source info available)
C  0x00000167bface7b5  (no source info available)

The last pc belongs to method entry point (kind = zerolocals) (printed below).
Java frames: (J=compiled Java code, j=interpreted, Vv=VM code)
j  java.util.ResourceBundle$BundleReference.getCacheKey()Ljava/util/ResourceBundle$CacheKey;+0 java.base@22.0.1
j  java.util.ResourceBundle.findBundleInCache(Ljava/util/ResourceBundle$CacheKey;Ljava/util/ResourceBundle$Control;)Ljava/util/ResourceBundle;+122 java.base@22.0.1
j  java.util.ResourceBundle.findBundle(Ljava/lang/Module;Ljava/lang/Module;Ljava/util/ResourceBundle$CacheKey;Ljava/util/List;Ljava/util/List;ILjava/util/ResourceBundle$Control;Ljava/util/ResourceBundle;)Ljava/util/ResourceBundle;+117 java.base@22.0.1
j  java.util.ResourceBundle.findBundle(Ljava/lang/Module;Ljava/lang/Module;Ljava/util/ResourceBundle$CacheKey;Ljava/util/List;Ljava/util/List;ILjava/util/ResourceBundle$Control;Ljava/util/ResourceBundle;)Ljava/util/ResourceBundle;+43 java.base@22.0.1
j  java.util.ResourceBundle.findBundle(Ljava/lang/Module;Ljava/lang/Module;Ljava/util/ResourceBundle$CacheKey;Ljava/util/List;Ljava/util/List;ILjava/util/ResourceBundle$Control;Ljava/util/ResourceBundle;)Ljava/util/ResourceBundle;+43 java.base@22.0.1
j  java.util.ResourceBundle.getBundleImpl(Ljava/lang/Module;Ljava/lang/Module;Ljava/lang/String;Ljava/util/Locale;Ljava/util/ResourceBundle$Control;)Ljava/util/ResourceBundle;+196 java.base@22.0.1
j  java.util.ResourceBundle.getBundleImpl(Ljava/lang/String;Ljava/util/Locale;Ljava/lang/Class;Ljava/lang/ClassLoader;Ljava/util/ResourceBundle$Control;)Ljava/util/ResourceBundle;+59 java.base@22.0.1
j  java.util.ResourceBundle.getBundleImpl(Ljava/lang/String;Ljava/util/Locale;Ljava/lang/Class;Ljava/util/ResourceBundle$Control;)Ljava/util/ResourceBundle;+15 java.base@22.0.1
j  java.util.ResourceBundle.getBundle(Ljava/lang/String;)Ljava/util/ResourceBundle;+14 java.base@22.0.1
j  jakarta.servlet.ServletResponseWrapper.<clinit>()V+2
v  ~StubRoutines::call_stub 0x00000167bfac100d
j  org.springframework.security.web.firewall.StrictHttpFirewall.getFirewalledResponse(Ljakarta/servlet/http/HttpServletResponse;)Ljakarta/servlet/http/HttpServletResponse;+0
j  org.springframework.security.web.FilterChainProxy.doFilterInternal(Ljakarta/servlet/ServletRequest;Ljakarta/servlet/ServletResponse;Ljakarta/servlet/FilterChain;)V+23
j  org.springframework.security.web.FilterChainProxy.doFilter(Ljakarta/servlet/ServletRequest;Ljakarta/servlet/ServletResponse;Ljakarta/servlet/FilterChain;)V+48
j  org.springframework.web.filter.CompositeFilter$VirtualFilterChain.doFilter(Ljakarta/servlet/ServletRequest;Ljakarta/servlet/ServletResponse;)V+63
j  org.springframework.web.servlet.handler.HandlerMappingIntrospector.lambda$createCacheFilter$3(Ljakarta/servlet/ServletRequest;Ljakarta/servlet/ServletResponse;Ljakarta/servlet/FilterChain;)V+13
j  org.springframework.web.servlet.handler.HandlerMappingIntrospector$$Lambda+0x00000167ccbf3b20.doFilter(Ljakarta/servlet/ServletRequest;Ljakarta/servlet/ServletResponse;Ljakarta/servlet/FilterChain;)V+7
j  org.springframework.web.filter.CompositeFilter$VirtualFilterChain.doFilter(Ljakarta/servlet/ServletRequest;Ljakarta/servlet/ServletResponse;)V+63
j  org.springframework.web.filter.CompositeFilter.doFilter(Ljakarta/servlet/ServletRequest;Ljakarta/servlet/ServletResponse;Ljakarta/servlet/FilterChain;)V+14
j  org.springframework.security.config.annotation.web.configuration.WebMvcSecurityConfiguration$CompositeFilterChainProxy.doFilter(Ljakarta/servlet/ServletRequest;Ljakarta/servlet/ServletResponse;Ljakarta/servlet/FilterChain;)V+7
j  org.springframework.web.filter.DelegatingFilterProxy.invokeDelegate(Ljakarta/servlet/Filter;Ljakarta/servlet/ServletRequest;Ljakarta/servlet/ServletResponse;Ljakarta/servlet/FilterChain;)V+5
j  org.springframework.web.filter.DelegatingFilterProxy.doFilter(Ljakarta/servlet/ServletRequest;Ljakarta/servlet/ServletResponse;Ljakarta/servlet/FilterChain;)V+85
j  org.apache.catalina.core.ApplicationFilterChain.internalDoFilter(Ljakarta/servlet/ServletRequest;Ljakarta/servlet/ServletResponse;)V+130
j  org.apache.catalina.core.ApplicationFilterChain.doFilter(Ljakarta/servlet/ServletRequest;Ljakarta/servlet/ServletResponse;)V+99
j  org.springframework.web.filter.RequestContextFilter.doFilterInternal(Ljakarta/servlet/http/HttpServletRequest;Ljakarta/servlet/http/HttpServletResponse;Ljakarta/servlet/FilterChain;)V+21
j  org.springframework.web.filter.OncePerRequestFilter.doFilter(Ljakarta/servlet/ServletRequest;Ljakarta/servlet/ServletResponse;Ljakarta/servlet/FilterChain;)V+150
j  org.apache.catalina.core.ApplicationFilterChain.internalDoFilter(Ljakarta/servlet/ServletRequest;Ljakarta/servlet/ServletResponse;)V+130
j  org.apache.catalina.core.ApplicationFilterChain.doFilter(Ljakarta/servlet/ServletRequest;Ljakarta/servlet/ServletResponse;)V+99
j  org.springframework.web.filter.FormContentFilter.doFilterInternal(Ljakarta/servlet/http/HttpServletRequest;Ljakarta/servlet/http/HttpServletResponse;Ljakarta/servlet/FilterChain;)V+38
j  org.springframework.web.filter.OncePerRequestFilter.doFilter(Ljakarta/servlet/ServletRequest;Ljakarta/servlet/ServletResponse;Ljakarta/servlet/FilterChain;)V+150
j  org.apache.catalina.core.ApplicationFilterChain.internalDoFilter(Ljakarta/servlet/ServletRequest;Ljakarta/servlet/ServletResponse;)V+130
j  org.apache.catalina.core.ApplicationFilterChain.doFilter(Ljakarta/servlet/ServletRequest;Ljakarta/servlet/ServletResponse;)V+99
j  org.springframework.web.filter.CharacterEncodingFilter.doFilterInternal(Ljakarta/servlet/http/HttpServletRequest;Ljakarta/servlet/http/HttpServletResponse;Ljakarta/servlet/FilterChain;)V+53
j  org.springframework.web.filter.OncePerRequestFilter.doFilter(Ljakarta/servlet/ServletRequest;Ljakarta/servlet/ServletResponse;Ljakarta/servlet/FilterChain;)V+150
j  org.apache.catalina.core.ApplicationFilterChain.internalDoFilter(Ljakarta/servlet/ServletRequest;Ljakarta/servlet/ServletResponse;)V+130
j  org.apache.catalina.core.ApplicationFilterChain.doFilter(Ljakarta/servlet/ServletRequest;Ljakarta/servlet/ServletResponse;)V+99
j  org.apache.catalina.core.StandardWrapperValve.invoke(Lorg/apache/catalina/connector/Request;Lorg/apache/catalina/connector/Response;)V+514
j  org.apache.catalina.core.StandardContextValve.invoke(Lorg/apache/catalina/connector/Request;Lorg/apache/catalina/connector/Response;)V+169
j  org.apache.catalina.authenticator.AuthenticatorBase.invoke(Lorg/apache/catalina/connector/Request;Lorg/apache/catalina/connector/Response;)V+221
j  org.apache.catalina.core.StandardHostValve.invoke(Lorg/apache/catalina/connector/Request;Lorg/apache/catalina/connector/Response;)V+131
j  org.apache.catalina.valves.ErrorReportValve.invoke(Lorg/apache/catalina/connector/Request;Lorg/apache/catalina/connector/Response;)V+6
j  org.apache.catalina.core.StandardEngineValve.invoke(Lorg/apache/catalina/connector/Request;Lorg/apache/catalina/connector/Response;)V+59
j  org.apache.catalina.connector.CoyoteAdapter.service(Lorg/apache/coyote/Request;Lorg/apache/coyote/Response;)V+188
j  org.apache.coyote.http11.Http11Processor.service(Lorg/apache/tomcat/util/net/SocketWrapperBase;)Lorg/apache/tomcat/util/net/AbstractEndpoint$Handler$SocketState;+796
j  org.apache.coyote.AbstractProcessorLight.process(Lorg/apache/tomcat/util/net/SocketWrapperBase;Lorg/apache/tomcat/util/net/SocketEvent;)Lorg/apache/tomcat/util/net/AbstractEndpoint$Handler$SocketState;+155
j  org.apache.coyote.AbstractProtocol$ConnectionHandler.process(Lorg/apache/tomcat/util/net/SocketWrapperBase;Lorg/apache/tomcat/util/net/SocketEvent;)Lorg/apache/tomcat/util/net/AbstractEndpoint$Handler$SocketState;+482
j  org.apache.tomcat.util.net.NioEndpoint$SocketProcessor.doRun()V+249
j  org.apache.tomcat.util.net.SocketProcessorBase.run()V+32
j  org.apache.tomcat.util.threads.ThreadPoolExecutor.runWorker(Lorg/apache/tomcat/util/threads/ThreadPoolExecutor$Worker;)V+92
j  org.apache.tomcat.util.threads.ThreadPoolExecutor$Worker.run()V+5
j  org.apache.tomcat.util.threads.TaskThread$WrappingRunnable.run()V+4
j  java.lang.Thread.runWith(Ljava/lang/Object;Ljava/lang/Runnable;)V+5 java.base@22.0.1
j  java.lang.Thread.run()V+19 java.base@22.0.1
v  ~StubRoutines::call_stub 0x00000167bfac100d
method entry point (kind = zerolocals)  [0x00000167bface6a0, 0x00000167bfacec60]  1472 bytes
[MachCode]
  0x00000167bface6a0: 488b 5308 | 0fb7 4a2e | 0fb7 522c | 2bd1 81fa | f501 0000 | 0f86 2500 | 0000 488b | c248 c1e0 
  0x00000167bface6c0: 0348 83c0 | 5849 0387 | d804 0000 | 483b e00f | 870a 0000 | 0058 498b | e550 e9a1 | 7fff ff58 
  0x00000167bface6e0: 4c8d 74cc | f885 d20f | 8e09 0000 | 0068 0000 | 0000 ffca | 7ff7 5055 | 488b ec41 | 5568 0000 
  0x00000167bface700: 0000 4c8b | 6b08 4d8d | 6d38 5348 | 8b53 0848 | 8b52 0848 | 8b52 1848 | 8b52 7048 | 8b12 5268 
  0x00000167bface720: 0000 0000 | 488b 5308 | 488b 5208 | 488b 5210 | 5249 8bc6 | 482b c548 | c1e8 0350 | 4155 68f7 
  0x00000167bface740: ffff ff41 | c687 8104 | 0000 0148 | 8b43 1848 | 85c0 0f85 | 6701 0000 | e805 0000 | 00e9 5001 
  0x00000167bface760: 0000 488b | d348 8d44 | 2408 4c89 | 6dc0 498b | cfc5 f877 | 4989 afb0 | 0300 0049 | 8987 a003 
  0x00000167bface780: 0000 4883 | ec20 40f6 | c40f 0f84 | 1900 0000 | 4883 ec08 | 48b8 a0a3 | 188a f87f | 0000 ffd0 
  0x00000167bface7a0: 4883 c408 | e90c 0000 | 0048 b8a0 | a318 8af8 | 7f00 00ff | d048 83c4 | 2049 c787 | a003 0000 
  0x00000167bface7c0: 0000 0000 | 49c7 87b0 | 0300 0000 | 0000 0049 | c787 a803 | 0000 0000 | 0000 c5f8 | 7741 8b8f 
  0x00000167bface7e0: 3405 0000 | f6c1 010f | 8442 0000 | 00f6 c102 | 0f85 3900 | 0000 4883 | ec20 40f6 | c40f 0f84 
  0x00000167bface800: 1900 0000 | 4883 ec08 | 48b8 6078 | 188a f87f | 0000 ffd0 | 4883 c408 | e90c 0000 | 0048 b860 
  0x00000167bface820: 7818 8af8 | 7f00 00ff | d048 83c4 | 20ff e049 | 8b8f e005 | 0000 4885 | c90f 8455 | 0000 008b 
  0x00000167bface840: 899c 0000 | 0083 f901 | 0f85 4600 | 0000 498b | 8fe0 0500 | 008b 89a0 | 0000 0048 | 83ec 2040 
  0x00000167bface860: f6c4 0f0f | 8419 0000 | 0048 83ec | 0848 b850 | 7818 8af8 | 7f00 00ff | d048 83c4 | 08e9 0c00 
  0x00000167bface880: 0000 48b8 | 5078 188a | f87f 0000 | ffd0 4883 | c420 ffe0 | 4983 7f08 | 000f 8405 | 0000 00e9 
  0x00000167bface8a0: 5c26 ffff | 4c8b 6dc0 | 4c8b 75c8 | 4e8d 74f5 | 00c3 488b | 4318 4885 | c00f 8412 | 0000 008b 
  0x00000167bface8c0: 4808 83c1 | 0289 4808 | 2348 1c0f | 8428 0200 | 0049 3ba7 | f004 0000 | 0f87 4800 | 0000 8984 
  0x00000167bface8e0: 2400 f0ff | ff89 8424 | 00e0 ffff | 8984 2400 | d0ff ff89 | 8424 00c0 | ffff 8984 | 2400 b0ff 
  0x00000167bface900: ff89 8424 | 00a0 ffff | 8984 2400 | 90ff ff89 | 8424 0080 | ffff 493b | a7e8 0400 | 0076 0749 
  0x00000167bface920: 89a7 f004 | 0000 41c6 | 8781 0400 | 0000 418b | 97e8 0500 | 0085 d20f | 8457 0100 | 00e8 0500 
  0x00000167bface940: 0000 e94d | 0100 0048 | 8d44 2408 | 4c89 6dc0 | 498b cfc5 | f877 4989 | afb0 0300 | 0049 8987 
  0x00000167bface960: a003 0000 | 4883 ec20 | 40f6 c40f | 0f84 1900 | 0000 4883 | ec08 48b8 | b0c8 188a | f87f 0000 
  0x00000167bface980: ffd0 4883 | c408 e90c | 0000 0048 | b8b0 c818 | 8af8 7f00 | 00ff d048 | 83c4 2049 | c787 a003 
  0x00000167bface9a0: 0000 0000 | 0000 49c7 | 87b0 0300 | 0000 0000 | 0049 c787 | a803 0000 | 0000 0000 | c5f8 7741 
  0x00000167bface9c0: 8b8f 3405 | 0000 f6c1 | 010f 8442 | 0000 00f6 | c102 0f85 | 3900 0000 | 4883 ec20 | 40f6 c40f 
  0x00000167bface9e0: 0f84 1900 | 0000 4883 | ec08 48b8 | 6078 188a | f87f 0000 | ffd0 4883 | c408 e90c | 0000 0048 
  0x00000167bfacea00: b860 7818 | 8af8 7f00 | 00ff d048 | 83c4 20ff | e049 8b8f | e005 0000 | 4885 c90f | 8455 0000 
  0x00000167bfacea20: 008b 899c | 0000 0083 | f901 0f85 | 4600 0000 | 498b 8fe0 | 0500 008b | 89a0 0000 | 0048 83ec 
  0x00000167bfacea40: 2040 f6c4 | 0f0f 8419 | 0000 0048 | 83ec 0848 | b850 7818 | 8af8 7f00 | 00ff d048 | 83c4 08e9 
  0x00000167bfacea60: 0c00 0000 | 48b8 5078 | 188a f87f | 0000 ffd0 | 4883 c420 | ffe0 4983 | 7f08 000f | 8405 0000 
  0x00000167bfacea80: 00e9 7a24 | ffff 4c8b | 6dc0 4c8b | 75c8 4e8d | 74f5 00c3 | 49ba 9c30 | 9f8a f87f | 0000 4180 
  0x00000167bfaceaa0: 3a00 0f84 | 3e00 0000 | 488b 55e8 | 498b cf48 | 83ec 2040 | f6c4 0f0f | 8419 0000 | 0048 83ec 
  0x00000167bfaceac0: 0848 b840 | b54f 8af8 | 7f00 00ff | d048 83c4 | 08e9 0c00 | 0000 48b8 | 40b5 4f8a | f87f 0000 
  0x00000167bfaceae0: ffd0 4883 | c420 410f | b65d 0049 | baf0 01a3 | 8af8 7f00 | 0041 ff24 | daba 0000 | 0000 e805 
  0x00000167bfaceb00: 0000 00e9 | 4d01 0000 | 488d 4424 | 084c 896d | c049 8bcf | c5f8 7749 | 89af b003 | 0000 4989 
  0x00000167bfaceb20: 87a0 0300 | 0048 83ec | 2040 f6c4 | 0f0f 8419 | 0000 0048 | 83ec 0848 | b880 ae18 | 8af8 7f00 
  0x00000167bfaceb40: 00ff d048 | 83c4 08e9 | 0c00 0000 | 48b8 80ae | 188a f87f | 0000 ffd0 | 4883 c420 | 49c7 87a0 
  0x00000167bfaceb60: 0300 0000 | 0000 0049 | c787 b003 | 0000 0000 | 0000 49c7 | 87a8 0300 | 0000 0000 | 00c5 f877 
  0x00000167bfaceb80: 418b 8f34 | 0500 00f6 | c101 0f84 | 4200 0000 | f6c1 020f | 8539 0000 | 0048 83ec | 2040 f6c4 
  0x00000167bfaceba0: 0f0f 8419 | 0000 0048 | 83ec 0848 | b860 7818 | 8af8 7f00 | 00ff d048 | 83c4 08e9 | 0c00 0000 
  0x00000167bfacebc0: 48b8 6078 | 188a f87f | 0000 ffd0 | 4883 c420 | ffe0 498b | 8fe0 0500 | 0048 85c9 | 0f84 5500 
  0x00000167bfacebe0: 0000 8b89 | 9c00 0000 | 83f9 010f | 8546 0000 | 0049 8b8f | e005 0000 | 8b89 a000 | 0000 4883 
  0x00000167bfacec00: ec20 40f6 | c40f 0f84 | 1900 0000 | 4883 ec08 | 48b8 5078 | 188a f87f | 0000 ffd0 | 4883 c408 
  0x00000167bfacec20: e90c 0000 | 0048 b850 | 7818 8af8 | 7f00 00ff | d048 83c4 | 20ff e049 | 837f 0800 | 0f84 0500 
  0x00000167bfacec40: 0000 e9b9 | 22ff ff4c | 8b6d c04c | 8b75 c84e | 8d74 f500 | c348 8b5d | e8e9 73fc | ffff 6690 
[/MachCode]

---------------  P R O C E S S  ---------------

Threads class SMR info:
_java_thread_list=0x000001681471aac0, length=39, elements={
0x00000167cafc0f90, 0x00000167cafc35c0, 0x00000167cafc8bf0, 0x00000167cafc9ae0,
0x00000167cafcade0, 0x00000167cafd7d50, 0x00000167cafe5d00, 0x00000167cafd83e0,
0x00000168101f29d0, 0x0000016810269920, 0x000001681028b6b0, 0x000001681028fd50,
0x00000167cafd6310, 0x00000167cafd55f0, 0x00000167cafd7030, 0x0000016811a45210,
0x0000016811a44b80, 0x0000016811a49a40, 0x0000016811a465c0, 0x0000016811a46c50,
0x0000016811a4adf0, 0x0000016811a48000, 0x000001681494a420, 0x000001681494b7d0,
0x0000016814949070, 0x000001681494d8a0, 0x000001681494b140, 0x0000016814949700,
0x000001681494aab0, 0x000001681494cb80, 0x00000168149489e0, 0x0000016814947cc0,
0x000001681494c4f0, 0x0000016814948350, 0x000001681494be60, 0x000001681494df30,
0x000001681494e5c0, 0x000001681494d210, 0x000001681494ec50
}

Java Threads: ( => current thread )
  0x00000167cafc0f90 JavaThread "Reference Handler"          daemon [_thread_blocked, id=15752, stack(0x0000001484500000,0x0000001484600000) (1024K)]
  0x00000167cafc35c0 JavaThread "Finalizer"                  daemon [_thread_blocked, id=11896, stack(0x0000001484600000,0x0000001484700000) (1024K)]
  0x00000167cafc8bf0 JavaThread "Signal Dispatcher"          daemon [_thread_blocked, id=15352, stack(0x0000001484700000,0x0000001484800000) (1024K)]
  0x00000167cafc9ae0 JavaThread "Attach Listener"            daemon [_thread_blocked, id=19524, stack(0x0000001484800000,0x0000001484900000) (1024K)]
  0x00000167cafcade0 JavaThread "Service Thread"             daemon [_thread_blocked, id=20168, stack(0x0000001484900000,0x0000001484a00000) (1024K)]
  0x00000167cafd7d50 JavaThread "Monitor Deflation Thread"   daemon [_thread_blocked, id=8444, stack(0x0000001484a00000,0x0000001484b00000) (1024K)]
  0x00000167cafe5d00 JavaThread "C1 CompilerThread0"         daemon [_thread_blocked, id=6676, stack(0x0000001484b00000,0x0000001484c00000) (1024K)]
  0x00000167cafd83e0 JavaThread "Common-Cleaner"             daemon [_thread_blocked, id=21864, stack(0x0000001484c00000,0x0000001484d00000) (1024K)]
  0x00000168101f29d0 JavaThread "C1 CompilerThread1"         daemon [_thread_blocked, id=18720, stack(0x0000001484d00000,0x0000001484e00000) (1024K)]
  0x0000016810269920 JavaThread "JDWP Transport Listener: dt_socket" daemon [_thread_blocked, id=15232, stack(0x0000001484f00000,0x0000001485000000) (1024K)]
  0x000001681028b6b0 JavaThread "JDWP Event Helper Thread"   daemon [_thread_blocked, id=2024, stack(0x0000001485000000,0x0000001485100000) (1024K)]
  0x000001681028fd50 JavaThread "JDWP Command Reader"        daemon [_thread_in_native, id=18600, stack(0x0000001485100000,0x0000001485200000) (1024K)]
  0x00000167cafd6310 JavaThread "Notification Thread"        daemon [_thread_blocked, id=22176, stack(0x0000001485200000,0x0000001485300000) (1024K)]
  0x00000167cafd55f0 JavaThread "RMI TCP Accept-0"           daemon [_thread_in_native, id=11708, stack(0x0000001485d00000,0x0000001485e00000) (1024K)]
  0x00000167cafd7030 JavaThread "RMI TCP Connection(3)-10.2.39.175" daemon [_thread_in_native, id=4104, stack(0x0000001486100000,0x0000001486200000) (1024K)]
  0x0000016811a45210 JavaThread "RMI Scheduler(0)"           daemon [_thread_blocked, id=8200, stack(0x0000001486200000,0x0000001486300000) (1024K)]
  0x0000016811a44b80 JavaThread "PostgreSQL-JDBC-Cleaner"    daemon [_thread_blocked, id=19636, stack(0x0000001486500000,0x0000001486600000) (1024K)]
  0x0000016811a49a40 JavaThread "HikariPool-1 housekeeper"   daemon [_thread_blocked, id=5392, stack(0x0000001486600000,0x0000001486700000) (1024K)]
  0x0000016811a465c0 JavaThread "Catalina-utility-1"                [_thread_blocked, id=10488, stack(0x0000001486800000,0x0000001486900000) (1024K)]
  0x0000016811a46c50 JavaThread "Catalina-utility-2"                [_thread_blocked, id=2292, stack(0x0000001486900000,0x0000001486a00000) (1024K)]
  0x0000016811a4adf0 JavaThread "container-0"                       [_thread_blocked, id=15800, stack(0x0000001486a00000,0x0000001486b00000) (1024K)]
  0x0000016811a48000 JavaThread "lettuce-timer-3-1"          daemon [_thread_blocked, id=696, stack(0x0000001486b00000,0x0000001486c00000) (1024K)]
  0x000001681494a420 JavaThread "File Watcher"               daemon [_thread_blocked, id=3644, stack(0x0000001486c00000,0x0000001486d00000) (1024K)]
  0x000001681494b7d0 JavaThread "Live Reload Server"         daemon [_thread_in_native, id=6644, stack(0x0000001486e00000,0x0000001486f00000) (1024K)]
=>0x0000016814949070 JavaThread "http-nio-8080-exec-1"       daemon [_thread_in_vm, id=20132, stack(0x0000001486d00000,0x0000001486e00000) (1024K)]
  0x000001681494d8a0 JavaThread "http-nio-8080-exec-2"       daemon [_thread_blocked, id=4316, stack(0x0000001486f00000,0x0000001487000000) (1024K)]
  0x000001681494b140 JavaThread "http-nio-8080-exec-3"       daemon [_thread_blocked, id=21160, stack(0x0000001487000000,0x0000001487100000) (1024K)]
  0x0000016814949700 JavaThread "http-nio-8080-exec-4"       daemon [_thread_blocked, id=13140, stack(0x0000001487100000,0x0000001487200000) (1024K)]
  0x000001681494aab0 JavaThread "http-nio-8080-exec-5"       daemon [_thread_blocked, id=9184, stack(0x0000001487200000,0x0000001487300000) (1024K)]
  0x000001681494cb80 JavaThread "http-nio-8080-exec-6"       daemon [_thread_blocked, id=9148, stack(0x0000001487300000,0x0000001487400000) (1024K)]
  0x00000168149489e0 JavaThread "http-nio-8080-exec-7"       daemon [_thread_blocked, id=6076, stack(0x0000001487400000,0x0000001487500000) (1024K)]
  0x0000016814947cc0 JavaThread "http-nio-8080-exec-8"       daemon [_thread_blocked, id=1744, stack(0x0000001487500000,0x0000001487600000) (1024K)]
  0x000001681494c4f0 JavaThread "http-nio-8080-exec-9"       daemon [_thread_blocked, id=20236, stack(0x0000001487600000,0x0000001487700000) (1024K)]
  0x0000016814948350 JavaThread "http-nio-8080-exec-10"      daemon [_thread_blocked, id=17040, stack(0x0000001487700000,0x0000001487800000) (1024K)]
  0x000001681494be60 JavaThread "http-nio-8080-Poller"       daemon [_thread_in_native, id=3176, stack(0x0000001487800000,0x0000001487900000) (1024K)]
  0x000001681494df30 JavaThread "http-nio-8080-Acceptor"     daemon [_thread_in_native, id=15296, stack(0x0000001487900000,0x0000001487a00000) (1024K)]
  0x000001681494e5c0 JavaThread "scheduling-1"                      [_thread_blocked, id=15724, stack(0x0000001487a00000,0x0000001487b00000) (1024K)]
  0x000001681494d210 JavaThread "DestroyJavaVM"                     [_thread_blocked, id=12204, stack(0x0000001483d00000,0x0000001483e00000) (1024K)]
  0x000001681494ec50 JavaThread "RMI TCP Connection(idle)"   daemon [_thread_blocked, id=9712, stack(0x0000001485e00000,0x0000001485f00000) (1024K)]
Total: 39

Other Threads:
  0x00000167cafa6ae0 VMThread "VM Thread"                           [id=13560, stack(0x0000001484400000,0x0000001484500000) (1024K)]
  0x00000167caf901c0 WatcherThread "VM Periodic Task Thread"        [id=6908, stack(0x0000001484300000,0x0000001484400000) (1024K)]
  0x00000167b5ff8510 WorkerThread "GC Thread#0"                     [id=8108, stack(0x0000001483e00000,0x0000001483f00000) (1024K)]
  0x00000168109e6390 WorkerThread "GC Thread#1"                     [id=11160, stack(0x0000001485400000,0x0000001485500000) (1024K)]
  0x00000168109e6740 WorkerThread "GC Thread#2"                     [id=3996, stack(0x0000001485500000,0x0000001485600000) (1024K)]
  0x0000016810bab4d0 WorkerThread "GC Thread#3"                     [id=6172, stack(0x0000001485600000,0x0000001485700000) (1024K)]
  0x0000016810bab880 WorkerThread "GC Thread#4"                     [id=9088, stack(0x0000001485700000,0x0000001485800000) (1024K)]
  0x0000016810bbfcc0 WorkerThread "GC Thread#5"                     [id=15992, stack(0x0000001485800000,0x0000001485900000) (1024K)]
  0x0000016810bc0070 WorkerThread "GC Thread#6"                     [id=1404, stack(0x0000001485900000,0x0000001485a00000) (1024K)]
  0x0000016810bcb680 WorkerThread "GC Thread#7"                     [id=11236, stack(0x0000001485a00000,0x0000001485b00000) (1024K)]
  0x0000016810bcba30 WorkerThread "GC Thread#8"                     [id=19104, stack(0x0000001485b00000,0x0000001485c00000) (1024K)]
  0x0000016810bcddf0 WorkerThread "GC Thread#9"                     [id=3556, stack(0x0000001485c00000,0x0000001485d00000) (1024K)]
  0x00000167b6008a90 ConcurrentGCThread "G1 Main Marker"            [id=15628, stack(0x0000001483f00000,0x0000001484000000) (1024K)]
  0x00000167b6009100 WorkerThread "G1 Conc#0"                       [id=3164, stack(0x0000001484000000,0x0000001484100000) (1024K)]
  0x0000016811aeb150 WorkerThread "G1 Conc#1"                       [id=22384, stack(0x0000001486300000,0x0000001486400000) (1024K)]
  0x0000016811b2c770 WorkerThread "G1 Conc#2"                       [id=7364, stack(0x0000001486400000,0x0000001486500000) (1024K)]
  0x00000167cae62110 ConcurrentGCThread "G1 Refine#0"               [id=18096, stack(0x0000001484100000,0x0000001484200000) (1024K)]
  0x00000167cae62c90 ConcurrentGCThread "G1 Service"                [id=21180, stack(0x0000001484200000,0x0000001484300000) (1024K)]
Total: 18

Threads with active compile tasks:
Total: 0

VM state: not at safepoint (normal execution)

VM Mutex/Monitor currently owned by a thread:  ([mutex/lock_event])
[0x00007ff88aa19b38] Metaspace_lock - owner thread: 0x0000016814949070

Heap address: 0x0000000709c00000, size: 3940 MB, Compressed Oops mode: Zero based, Oop shift amount: 3

CDS archive(s) mapped at: [0x00000167cb000000-0x00000167cbc60000-0x00000167cbc60000), size 12976128, SharedBaseAddress: 0x00000167cb000000, ArchiveRelocationMode: 1.
Compressed class space mapped at: 0x00000167cc000000-0x000001680c000000, reserved size: 1073741824
Narrow klass base: 0x00000167cb000000, Narrow klass shift: 0, Narrow klass range: 0x41000000

GC Precious Log:
 CardTable entry size: 512
 Card Set container configuration: InlinePtr #cards 4 size 8 Array Of Cards #cards 16 size 48 Howl #buckets 8 coarsen threshold 3686 Howl Bitmap #cards 512 size 80 coarsen threshold 460 Card regions per heap region 1 cards per card region 4096
 CPUs: 12 total, 12 available
 Memory: 15754M
 Large Page Support: Disabled
 NUMA Support: Disabled
 Compressed Oops: Enabled (Zero based)
 Heap Region Size: 2M
 Heap Min Capacity: 8M
 Heap Initial Capacity: 248M
 Heap Max Capacity: 3940M
 Pre-touch: Disabled
 Parallel Workers: 10
 Concurrent Workers: 3
 Concurrent Refinement Workers: 10
 Periodic GC: Disabled

Heap:
 garbage-first heap   total reserved 4034560K, committed 159744K, used 81081K [0x0000000709c00000, 0x0000000800000000)
  region size 2048K, 14 young (28672K), 3 survivors (6144K)
 Metaspace       used 90326K, committed 91200K, reserved 1179648K
  class space    used 13239K, committed 13632K, reserved 1048576K

Heap Regions: E=young(eden), S=young(survivor), O=old, HS=humongous(starts), HC=humongous(continues), CS=collection set, F=free, TAMS=top-at-mark-start, PB=parsable bottom
|   0|0x0000000709c00000, 0x0000000709e00000, 0x0000000709e00000|100%| O|  |TAMS 0x0000000709c00000| PB 0x0000000709c00000| Untracked |  0
|   1|0x0000000709e00000, 0x000000070a000000, 0x000000070a000000|100%| O|  |TAMS 0x0000000709e00000| PB 0x0000000709e00000| Untracked |  0
|   2|0x000000070a000000, 0x000000070a200000, 0x000000070a200000|100%| O|  |TAMS 0x000000070a000000| PB 0x000000070a000000| Untracked |  0
|   3|0x000000070a200000, 0x000000070a3fd348, 0x000000070a400000| 99%| O|  |TAMS 0x000000070a200000| PB 0x000000070a200000| Untracked |  0
|   4|0x000000070a400000, 0x000000070a600000, 0x000000070a600000|100%| O|  |TAMS 0x000000070a400000| PB 0x000000070a400000| Untracked |  0
|   5|0x000000070a600000, 0x000000070a800000, 0x000000070a800000|100%| O|  |TAMS 0x000000070a600000| PB 0x000000070a600000| Untracked |  0
|   6|0x000000070a800000, 0x000000070aa00000, 0x000000070aa00000|100%| O|  |TAMS 0x000000070a800000| PB 0x000000070a800000| Untracked |  0
|   7|0x000000070aa00000, 0x000000070ac00000, 0x000000070ac00000|100%| O|  |TAMS 0x000000070aa00000| PB 0x000000070aa00000| Untracked |  0
|   8|0x000000070ac00000, 0x000000070ae00000, 0x000000070ae00000|100%| O|  |TAMS 0x000000070ac00000| PB 0x000000070ac00000| Untracked |  0
|   9|0x000000070ae00000, 0x000000070b000000, 0x000000070b000000|100%| O|  |TAMS 0x000000070ae00000| PB 0x000000070ae00000| Untracked |  0
|  10|0x000000070b000000, 0x000000070b200000, 0x000000070b200000|100%| O|  |TAMS 0x000000070b000000| PB 0x000000070b000000| Untracked |  0
|  11|0x000000070b200000, 0x000000070b200000, 0x000000070b400000|  0%| F|  |TAMS 0x000000070b200000| PB 0x000000070b200000| Untracked |  0
|  12|0x000000070b400000, 0x000000070b600000, 0x000000070b600000|100%| O|  |TAMS 0x000000070b400000| PB 0x000000070b400000| Untracked |  0
|  13|0x000000070b600000, 0x000000070b800000, 0x000000070b800000|100%| O|  |TAMS 0x000000070b600000| PB 0x000000070b600000| Untracked |  0
|  14|0x000000070b800000, 0x000000070b800000, 0x000000070ba00000|  0%| F|  |TAMS 0x000000070b800000| PB 0x000000070b800000| Untracked |  0
|  15|0x000000070ba00000, 0x000000070bc00000, 0x000000070bc00000|100%| O|  |TAMS 0x000000070ba00000| PB 0x000000070ba00000| Untracked |  0
|  16|0x000000070bc00000, 0x000000070be00000, 0x000000070be00000|100%| O|  |TAMS 0x000000070bc00000| PB 0x000000070bc00000| Untracked |  0
|  17|0x000000070be00000, 0x000000070c000000, 0x000000070c000000|100%| O|  |TAMS 0x000000070be00000| PB 0x000000070be00000| Untracked |  0
|  18|0x000000070c000000, 0x000000070c200000, 0x000000070c200000|100%| O|  |TAMS 0x000000070c000000| PB 0x000000070c000000| Untracked |  0
|  19|0x000000070c200000, 0x000000070c400000, 0x000000070c400000|100%| O|  |TAMS 0x000000070c200000| PB 0x000000070c200000| Untracked |  0
|  20|0x000000070c400000, 0x000000070c600000, 0x000000070c600000|100%| O|  |TAMS 0x000000070c400000| PB 0x000000070c400000| Untracked |  0
|  21|0x000000070c600000, 0x000000070c800000, 0x000000070c800000|100%| O|  |TAMS 0x000000070c600000| PB 0x000000070c600000| Untracked |  0
|  22|0x000000070c800000, 0x000000070ca00000, 0x000000070ca00000|100%| O|  |TAMS 0x000000070c800000| PB 0x000000070c800000| Untracked |  0
|  23|0x000000070ca00000, 0x000000070cc00000, 0x000000070cc00000|100%| O|  |TAMS 0x000000070ca00000| PB 0x000000070ca00000| Untracked |  0
|  24|0x000000070cc00000, 0x000000070ce00000, 0x000000070ce00000|100%| O|  |TAMS 0x000000070cc00000| PB 0x000000070cc00000| Untracked |  0
|  25|0x000000070ce00000, 0x000000070d000000, 0x000000070d000000|100%| O|  |TAMS 0x000000070ce00000| PB 0x000000070ce00000| Untracked |  0
|  26|0x000000070d000000, 0x000000070d200000, 0x000000070d200000|100%| O|  |TAMS 0x000000070d000000| PB 0x000000070d000000| Untracked |  0
|  27|0x000000070d200000, 0x000000070d34e7f8, 0x000000070d400000| 65%| O|  |TAMS 0x000000070d200000| PB 0x000000070d200000| Untracked |  0
|  28|0x000000070d400000, 0x000000070d400000, 0x000000070d600000|  0%| F|  |TAMS 0x000000070d400000| PB 0x000000070d400000| Untracked |  0
|  29|0x000000070d600000, 0x000000070d600000, 0x000000070d800000|  0%| F|  |TAMS 0x000000070d600000| PB 0x000000070d600000| Untracked |  0
|  30|0x000000070d800000, 0x000000070d9e2a90, 0x000000070da00000| 94%| S|CS|TAMS 0x000000070d800000| PB 0x000000070d800000| Complete |  0
|  31|0x000000070da00000, 0x000000070dc00000, 0x000000070dc00000|100%| S|CS|TAMS 0x000000070da00000| PB 0x000000070da00000| Complete |  0
|  32|0x000000070dc00000, 0x000000070de00000, 0x000000070de00000|100%| S|CS|TAMS 0x000000070dc00000| PB 0x000000070dc00000| Complete |  0
|  33|0x000000070de00000, 0x000000070de00000, 0x000000070e000000|  0%| F|  |TAMS 0x000000070de00000| PB 0x000000070de00000| Untracked |  0
|  34|0x000000070e000000, 0x000000070e000000, 0x000000070e200000|  0%| F|  |TAMS 0x000000070e000000| PB 0x000000070e000000| Untracked |  0
|  35|0x000000070e200000, 0x000000070e200000, 0x000000070e400000|  0%| F|  |TAMS 0x000000070e200000| PB 0x000000070e200000| Untracked |  0
|  36|0x000000070e400000, 0x000000070e400000, 0x000000070e600000|  0%| F|  |TAMS 0x000000070e400000| PB 0x000000070e400000| Untracked |  0
|  37|0x000000070e600000, 0x000000070e800000, 0x000000070e800000|100%| O|Cr|TAMS 0x000000070e600000| PB 0x000000070e600000| Complete |  0
|  38|0x000000070e800000, 0x000000070e800000, 0x000000070ea00000|  0%| F|  |TAMS 0x000000070e800000| PB 0x000000070e800000| Untracked |  0
|  39|0x000000070ea00000, 0x000000070ea00000, 0x000000070ec00000|  0%| F|  |TAMS 0x000000070ea00000| PB 0x000000070ea00000| Untracked |  0
|  40|0x000000070ec00000, 0x000000070ec00000, 0x000000070ee00000|  0%| F|  |TAMS 0x000000070ec00000| PB 0x000000070ec00000| Untracked |  0
|  41|0x000000070ee00000, 0x000000070ee00000, 0x000000070f000000|  0%| F|  |TAMS 0x000000070ee00000| PB 0x000000070ee00000| Untracked |  0
|  42|0x000000070f000000, 0x000000070f000000, 0x000000070f200000|  0%| F|  |TAMS 0x000000070f000000| PB 0x000000070f000000| Untracked |  0
|  43|0x000000070f200000, 0x000000070f200000, 0x000000070f400000|  0%| F|  |TAMS 0x000000070f200000| PB 0x000000070f200000| Untracked |  0
|  44|0x000000070f400000, 0x000000070f400000, 0x000000070f600000|  0%| F|  |TAMS 0x000000070f400000| PB 0x000000070f400000| Untracked |  0
|  45|0x000000070f600000, 0x000000070f600000, 0x000000070f800000|  0%| F|  |TAMS 0x000000070f600000| PB 0x000000070f600000| Untracked |  0
|  46|0x000000070f800000, 0x000000070f800000, 0x000000070fa00000|  0%| F|  |TAMS 0x000000070f800000| PB 0x000000070f800000| Untracked |  0
|  47|0x000000070fa00000, 0x000000070fa00000, 0x000000070fc00000|  0%| F|  |TAMS 0x000000070fa00000| PB 0x000000070fa00000| Untracked |  0
|  48|0x000000070fc00000, 0x000000070fc00000, 0x000000070fe00000|  0%| F|  |TAMS 0x000000070fc00000| PB 0x000000070fc00000| Untracked |  0
|  49|0x000000070fe00000, 0x000000070fe00000, 0x0000000710000000|  0%| F|  |TAMS 0x000000070fe00000| PB 0x000000070fe00000| Untracked |  0
|  50|0x0000000710000000, 0x0000000710000000, 0x0000000710200000|  0%| F|  |TAMS 0x0000000710000000| PB 0x0000000710000000| Untracked |  0
|  51|0x0000000710200000, 0x0000000710200000, 0x0000000710400000|  0%| F|  |TAMS 0x0000000710200000| PB 0x0000000710200000| Untracked |  0
|  52|0x0000000710400000, 0x0000000710400000, 0x0000000710600000|  0%| F|  |TAMS 0x0000000710400000| PB 0x0000000710400000| Untracked |  0
|  53|0x0000000710600000, 0x0000000710600000, 0x0000000710800000|  0%| F|  |TAMS 0x0000000710600000| PB 0x0000000710600000| Untracked |  0
|  54|0x0000000710800000, 0x0000000710800000, 0x0000000710a00000|  0%| F|  |TAMS 0x0000000710800000| PB 0x0000000710800000| Untracked |  0
|  55|0x0000000710a00000, 0x0000000710a00000, 0x0000000710c00000|  0%| F|  |TAMS 0x0000000710a00000| PB 0x0000000710a00000| Untracked |  0
|  56|0x0000000710c00000, 0x0000000710c00000, 0x0000000710e00000|  0%| F|  |TAMS 0x0000000710c00000| PB 0x0000000710c00000| Untracked |  0
|  57|0x0000000710e00000, 0x0000000710e00000, 0x0000000711000000|  0%| F|  |TAMS 0x0000000710e00000| PB 0x0000000710e00000| Untracked |  0
|  58|0x0000000711000000, 0x0000000711000000, 0x0000000711200000|  0%| F|  |TAMS 0x0000000711000000| PB 0x0000000711000000| Untracked |  0
|  59|0x0000000711200000, 0x0000000711200000, 0x0000000711400000|  0%| F|  |TAMS 0x0000000711200000| PB 0x0000000711200000| Untracked |  0
|  60|0x0000000711400000, 0x0000000711400000, 0x0000000711600000|  0%| F|  |TAMS 0x0000000711400000| PB 0x0000000711400000| Untracked |  0
|  61|0x0000000711600000, 0x0000000711600000, 0x0000000711800000|  0%| F|  |TAMS 0x0000000711600000| PB 0x0000000711600000| Untracked |  0
|  62|0x0000000711800000, 0x0000000711800000, 0x0000000711a00000|  0%| F|  |TAMS 0x0000000711800000| PB 0x0000000711800000| Untracked |  0
|  63|0x0000000711a00000, 0x0000000711a00000, 0x0000000711c00000|  0%| F|  |TAMS 0x0000000711a00000| PB 0x0000000711a00000| Untracked |  0
|  64|0x0000000711c00000, 0x0000000711c00000, 0x0000000711e00000|  0%| F|  |TAMS 0x0000000711c00000| PB 0x0000000711c00000| Untracked |  0
|  65|0x0000000711e00000, 0x0000000711e00000, 0x0000000712000000|  0%| F|  |TAMS 0x0000000711e00000| PB 0x0000000711e00000| Untracked |  0
|  66|0x0000000712000000, 0x0000000712000000, 0x0000000712200000|  0%| F|  |TAMS 0x0000000712000000| PB 0x0000000712000000| Untracked |  0
|  67|0x0000000712200000, 0x00000007123e98e0, 0x0000000712400000| 95%| E|  |TAMS 0x0000000712200000| PB 0x0000000712200000| Complete |  0
|  68|0x0000000712400000, 0x0000000712600000, 0x0000000712600000|100%| E|CS|TAMS 0x0000000712400000| PB 0x0000000712400000| Complete |  0
|  69|0x0000000712600000, 0x0000000712800000, 0x0000000712800000|100%| E|CS|TAMS 0x0000000712600000| PB 0x0000000712600000| Complete |  0
|  70|0x0000000712800000, 0x0000000712a00000, 0x0000000712a00000|100%| E|CS|TAMS 0x0000000712800000| PB 0x0000000712800000| Complete |  0
|  71|0x0000000712a00000, 0x0000000712c00000, 0x0000000712c00000|100%| E|CS|TAMS 0x0000000712a00000| PB 0x0000000712a00000| Complete |  0
|  72|0x0000000712c00000, 0x0000000712e00000, 0x0000000712e00000|100%| E|CS|TAMS 0x0000000712c00000| PB 0x0000000712c00000| Complete |  0
|  73|0x0000000712e00000, 0x0000000713000000, 0x0000000713000000|100%| E|CS|TAMS 0x0000000712e00000| PB 0x0000000712e00000| Complete |  0
|  74|0x0000000713000000, 0x0000000713200000, 0x0000000713200000|100%| E|CS|TAMS 0x0000000713000000| PB 0x0000000713000000| Complete |  0
|  75|0x0000000713200000, 0x0000000713400000, 0x0000000713400000|100%| E|CS|TAMS 0x0000000713200000| PB 0x0000000713200000| Complete |  0
|  76|0x0000000713400000, 0x0000000713600000, 0x0000000713600000|100%| E|CS|TAMS 0x0000000713400000| PB 0x0000000713400000| Complete |  0
| 123|0x0000000719200000, 0x0000000719400000, 0x0000000719400000|100%| E|CS|TAMS 0x0000000719200000| PB 0x0000000719200000| Complete |  0

Card table byte_map: [0x00000167c3d80000,0x00000167c4540000] _byte_map_base: 0x00000167c0532000

Marking Bits: (CMBitMap*) 0x00000167b5d5dfc0
 Bits: [0x00000167c4540000, 0x00000167c82d0000)

Polling page: 0x00000167b6040000

Metaspace:

Usage:
  Non-class:     75.28 MB used.
      Class:     12.93 MB used.
       Both:     88.21 MB used.

Virtual space:
  Non-class space:      128.00 MB reserved,      75.75 MB ( 59%) committed,  2 nodes.
      Class space:        1.00 GB reserved,      13.31 MB (  1%) committed,  1 nodes.
             Both:        1.12 GB reserved,      89.06 MB (  8%) committed. 

Chunk freelists:
   Non-Class:  4.08 MB
       Class:  2.66 MB
        Both:  6.73 MB

MaxMetaspaceSize: unlimited
CompressedClassSpaceSize: 1.00 GB
Initial GC threshold: 21.00 MB
Current GC threshold: 138.56 MB
CDS: on
 - commit_granule_bytes: 65536.
 - commit_granule_words: 8192.
 - virtual_space_node_default_size: 8388608.
 - enlarge_chunks_in_place: 1.
 - use_allocation_guard: 0.


Internal statistics:

num_allocs_failed_limit: 6.
num_arena_births: 1280.
num_arena_deaths: 0.
num_vsnodes_births: 3.
num_vsnodes_deaths: 0.
num_space_committed: 1425.
num_space_uncommitted: 0.
num_chunks_returned_to_freelist: 6.
num_chunks_taken_from_freelist: 4499.
num_chunk_merges: 6.
num_chunk_splits: 3310.
num_chunks_enlarged: 2580.
num_inconsistent_stats: 0.

CodeCache: size=49152Kb used=17119Kb max_used=18194Kb free=32032Kb
 bounds [0x00000167bfac0000, 0x00000167c0c90000, 0x00000167c2ac0000]
 total_blobs=9694 nmethods=8928 adapters=688
 compilation: enabled
              stopped_count=0, restarted_count=0
 full_count=0

Compilation events (20 events):
Event: 18.535 Thread 0x00000168101f29d0 10160       1       java.io.StringReader::ensureOpen (18 bytes)
Event: 18.535 Thread 0x00000168101f29d0 nmethod 10160 0x00000167bff2c610 code [0x00000167bff2c7c0, 0x00000167bff2c938]
Event: 18.535 Thread 0x00000168101f29d0 10161       1       org.apache.tomcat.util.http.MimeHeaderField::getName (5 bytes)
Event: 18.535 Thread 0x00000168101f29d0 nmethod 10161 0x00000167bff2c310 code [0x00000167bff2c4a0, 0x00000167bff2c570]
Event: 18.550 Thread 0x00000168101f29d0 10162       1       org.apache.tomcat.util.buf.Ascii::toLower (14 bytes)
Event: 18.550 Thread 0x00000168101f29d0 nmethod 10162 0x00000167bff2c010 code [0x00000167bff2c1a0, 0x00000167bff2c268]
Event: 18.554 Thread 0x00000168101f29d0 10163 %     1       java.util.Properties$LineReader::readLine @ 53 (584 bytes)
Event: 18.555 Thread 0x00000168101f29d0 nmethod 10163% 0x00000167bff29d10 code [0x00000167bff29fc0, 0x00000167bff2b448]
Event: 18.563 Thread 0x00000168101f29d0 10164 %     1       java.util.Properties$LineReader::readLine @ 293 (584 bytes)
Event: 18.564 Thread 0x00000168101f29d0 nmethod 10164% 0x00000167bff27610 code [0x00000167bff278c0, 0x00000167bff29150]
Event: 18.566 Thread 0x00000168101f29d0 10165       1       org.springframework.http.server.DefaultPathContainer::elements (5 bytes)
Event: 18.566 Thread 0x00000168101f29d0 nmethod 10165 0x00000167bff27310 code [0x00000167bff274a0, 0x00000167bff27570]
Event: 18.566 Thread 0x00000168101f29d0 10166       1       org.apache.tomcat.util.buf.MessageBytes::equalsIgnoreCase (78 bytes)
Event: 18.566 Thread 0x00000167cafe5d00 10167       1       org.apache.tomcat.util.buf.ByteChunk::equalsIgnoreCase (76 bytes)
Event: 18.566 Thread 0x00000168101f29d0 nmethod 10166 0x00000167bff26d90 code [0x00000167bff26f60, 0x00000167bff271c0]
Event: 18.566 Thread 0x00000167cafe5d00 nmethod 10167 0x00000167bff26610 code [0x00000167bff267c0, 0x00000167bff26ae0]
Event: 18.571 Thread 0x00000167cafe5d00 10168       1       java.nio.CharBuffer::flip (7 bytes)
Event: 18.571 Thread 0x00000167cafe5d00 nmethod 10168 0x00000167bff26310 code [0x00000167bff264a0, 0x00000167bff26580]
Event: 18.572 Thread 0x00000167cafe5d00 10169       1       org.apache.catalina.connector.RequestFacade::checkFacade (25 bytes)
Event: 18.572 Thread 0x00000167cafe5d00 nmethod 10169 0x00000167bff25e90 code [0x00000167bff26040, 0x00000167bff261f0]

GC Heap History (20 events):
Event: 5.880 GC heap before
{Heap before GC invocations=20 (full 0):
 garbage-first heap   total reserved 4034560K, committed 110592K, used 88879K [0x0000000709c00000, 0x0000000800000000)
  region size 2048K, 27 young (55296K), 3 survivors (6144K)
 Metaspace       used 74563K, committed 75328K, reserved 1114112K
  class space    used 10968K, committed 11328K, reserved 1048576K
}
Event: 5.883 GC heap after
{Heap after GC invocations=21 (full 0):
 garbage-first heap   total reserved 4034560K, committed 133120K, used 43418K [0x0000000709c00000, 0x0000000800000000)
  region size 2048K, 2 young (4096K), 2 survivors (4096K)
 Metaspace       used 74563K, committed 75328K, reserved 1114112K
  class space    used 10968K, committed 11328K, reserved 1048576K
}
Event: 6.175 GC heap before
{Heap before GC invocations=22 (full 0):
 garbage-first heap   total reserved 4034560K, committed 133120K, used 117146K [0x0000000709c00000, 0x0000000800000000)
  region size 2048K, 38 young (77824K), 2 survivors (4096K)
 Metaspace       used 76935K, committed 77696K, reserved 1179648K
  class space    used 11345K, committed 11648K, reserved 1048576K
}
Event: 6.177 GC heap after
{Heap after GC invocations=23 (full 0):
 garbage-first heap   total reserved 4034560K, committed 133120K, used 46345K [0x0000000709c00000, 0x0000000800000000)
  region size 2048K, 4 young (8192K), 4 survivors (8192K)
 Metaspace       used 76935K, committed 77696K, reserved 1179648K
  class space    used 11345K, committed 11648K, reserved 1048576K
}
Event: 6.335 GC heap before
{Heap before GC invocations=23 (full 0):
 garbage-first heap   total reserved 4034560K, committed 133120K, used 113929K [0x0000000709c00000, 0x0000000800000000)
  region size 2048K, 37 young (75776K), 4 survivors (8192K)
 Metaspace       used 77399K, committed 78208K, reserved 1179648K
  class space    used 11422K, committed 11776K, reserved 1048576K
}
Event: 6.339 GC heap after
{Heap after GC invocations=24 (full 0):
 garbage-first heap   total reserved 4034560K, committed 133120K, used 47814K [0x0000000709c00000, 0x0000000800000000)
  region size 2048K, 4 young (8192K), 4 survivors (8192K)
 Metaspace       used 77399K, committed 78208K, reserved 1179648K
  class space    used 11422K, committed 11776K, reserved 1048576K
}
Event: 6.477 GC heap before
{Heap before GC invocations=24 (full 0):
 garbage-first heap   total reserved 4034560K, committed 133120K, used 115398K [0x0000000709c00000, 0x0000000800000000)
  region size 2048K, 37 young (75776K), 4 survivors (8192K)
 Metaspace       used 77498K, committed 78272K, reserved 1179648K
  class space    used 11430K, committed 11776K, reserved 1048576K
}
Event: 6.480 GC heap after
{Heap after GC invocations=25 (full 0):
 garbage-first heap   total reserved 4034560K, committed 133120K, used 48960K [0x0000000709c00000, 0x0000000800000000)
  region size 2048K, 3 young (6144K), 3 survivors (6144K)
 Metaspace       used 77498K, committed 78272K, reserved 1179648K
  class space    used 11430K, committed 11776K, reserved 1048576K
}
Event: 6.663 GC heap before
{Heap before GC invocations=25 (full 0):
 garbage-first heap   total reserved 4034560K, committed 133120K, used 118592K [0x0000000709c00000, 0x0000000800000000)
  region size 2048K, 37 young (75776K), 3 survivors (6144K)
 Metaspace       used 78130K, committed 78912K, reserved 1179648K
  class space    used 11499K, committed 11840K, reserved 1048576K
}
Event: 6.665 GC heap after
{Heap after GC invocations=26 (full 0):
 garbage-first heap   total reserved 4034560K, committed 133120K, used 49814K [0x0000000709c00000, 0x0000000800000000)
  region size 2048K, 2 young (4096K), 2 survivors (4096K)
 Metaspace       used 78130K, committed 78912K, reserved 1179648K
  class space    used 11499K, committed 11840K, reserved 1048576K
}
Event: 7.012 GC heap before
{Heap before GC invocations=27 (full 0):
 garbage-first heap   total reserved 4034560K, committed 133120K, used 119446K [0x0000000709c00000, 0x0000000800000000)
  region size 2048K, 36 young (73728K), 2 survivors (4096K)
 Metaspace       used 79980K, committed 80768K, reserved 1179648K
  class space    used 11772K, committed 12096K, reserved 1048576K
}
Event: 7.015 GC heap after
{Heap after GC invocations=28 (full 0):
 garbage-first heap   total reserved 4034560K, committed 133120K, used 52347K [0x0000000709c00000, 0x0000000800000000)
  region size 2048K, 4 young (8192K), 4 survivors (8192K)
 Metaspace       used 79980K, committed 80768K, reserved 1179648K
  class space    used 11772K, committed 12096K, reserved 1048576K
}
Event: 7.259 GC heap before
{Heap before GC invocations=28 (full 0):
 garbage-first heap   total reserved 4034560K, committed 133120K, used 113787K [0x0000000709c00000, 0x0000000800000000)
  region size 2048K, 34 young (69632K), 4 survivors (8192K)
 Metaspace       used 81160K, committed 82048K, reserved 1179648K
  class space    used 11963K, committed 12352K, reserved 1048576K
}
Event: 7.264 GC heap after
{Heap after GC invocations=29 (full 0):
 garbage-first heap   total reserved 4034560K, committed 133120K, used 53702K [0x0000000709c00000, 0x0000000800000000)
  region size 2048K, 4 young (8192K), 4 survivors (8192K)
 Metaspace       used 81160K, committed 82048K, reserved 1179648K
  class space    used 11963K, committed 12352K, reserved 1048576K
}
Event: 7.568 GC heap before
{Heap before GC invocations=29 (full 0):
 garbage-first heap   total reserved 4034560K, committed 133120K, used 115142K [0x0000000709c00000, 0x0000000800000000)
  region size 2048K, 34 young (69632K), 4 survivors (8192K)
 Metaspace       used 83923K, committed 84800K, reserved 1179648K
  class space    used 12372K, committed 12736K, reserved 1048576K
}
Event: 7.571 GC heap after
{Heap after GC invocations=30 (full 0):
 garbage-first heap   total reserved 4034560K, committed 133120K, used 55796K [0x0000000709c00000, 0x0000000800000000)
  region size 2048K, 4 young (8192K), 4 survivors (8192K)
 Metaspace       used 83923K, committed 84800K, reserved 1179648K
  class space    used 12372K, committed 12736K, reserved 1048576K
}
Event: 7.826 GC heap before
{Heap before GC invocations=31 (full 0):
 garbage-first heap   total reserved 4034560K, committed 133120K, used 113140K [0x0000000709c00000, 0x0000000800000000)
  region size 2048K, 32 young (65536K), 4 survivors (8192K)
 Metaspace       used 86446K, committed 87296K, reserved 1179648K
  class space    used 12677K, committed 13056K, reserved 1048576K
}
Event: 7.830 GC heap after
{Heap after GC invocations=32 (full 0):
 garbage-first heap   total reserved 4034560K, committed 133120K, used 57643K [0x0000000709c00000, 0x0000000800000000)
  region size 2048K, 3 young (6144K), 3 survivors (6144K)
 Metaspace       used 86446K, committed 87296K, reserved 1179648K
  class space    used 12677K, committed 13056K, reserved 1048576K
}
Event: 8.064 GC heap before
{Heap before GC invocations=32 (full 0):
 garbage-first heap   total reserved 4034560K, committed 133120K, used 117035K [0x0000000709c00000, 0x0000000800000000)
  region size 2048K, 32 young (65536K), 3 survivors (6144K)
 Metaspace       used 86990K, committed 87872K, reserved 1179648K
  class space    used 12773K, committed 13184K, reserved 1048576K
}
Event: 8.068 GC heap after
{Heap after GC invocations=33 (full 0):
 garbage-first heap   total reserved 4034560K, committed 159744K, used 60601K [0x0000000709c00000, 0x0000000800000000)
  region size 2048K, 3 young (6144K), 3 survivors (6144K)
 Metaspace       used 86990K, committed 87872K, reserved 1179648K
  class space    used 12773K, committed 13184K, reserved 1048576K
}

Dll operation events (12 events):
Event: 0.009 Loaded shared library C:\Program Files\Java\jdk-22\bin\java.dll
Event: 0.010 Loaded shared library C:\Program Files\Java\jdk-22\bin\zip.dll
Event: 0.155 Loaded shared library C:\Program Files\Java\jdk-22\bin\instrument.dll
Event: 0.246 Loaded shared library C:\Program Files\Java\jdk-22\bin\net.dll
Event: 0.247 Loaded shared library C:\Program Files\Java\jdk-22\bin\nio.dll
Event: 0.250 Loaded shared library C:\Program Files\Java\jdk-22\bin\zip.dll
Event: 0.326 Loaded shared library C:\Program Files\Java\jdk-22\bin\jimage.dll
Event: 0.429 Loaded shared library C:\Program Files\Java\jdk-22\bin\management.dll
Event: 0.438 Loaded shared library C:\Program Files\Java\jdk-22\bin\management_ext.dll
Event: 0.598 Loaded shared library C:\Program Files\Java\jdk-22\bin\extnet.dll
Event: 0.619 Loaded shared library C:\Program Files\Java\jdk-22\bin\verify.dll
Event: 1.375 Loaded shared library C:\Program Files\Java\jdk-22\bin\sunmscapi.dll

Deoptimization events (20 events):
Event: 18.562 Thread 0x000001681494d8a0 DEOPT PACKING pc=0x00000167bffb5ad9 sp=0x0000001486ffc9a0
Event: 18.562 Thread 0x000001681494d8a0 DEOPT UNPACKING pc=0x00000167bfb14e42 sp=0x0000001486ffbdf8 mode 1
Event: 18.562 Thread 0x000001681494d8a0 DEOPT PACKING pc=0x00000167bffb4e8c sp=0x0000001486ffca30
Event: 18.562 Thread 0x000001681494d8a0 DEOPT UNPACKING pc=0x00000167bfb14e42 sp=0x0000001486ffbed8 mode 1
Event: 18.562 Thread 0x000001681494d8a0 DEOPT PACKING pc=0x00000167bff59f74 sp=0x0000001486ffd3f0
Event: 18.562 Thread 0x000001681494d8a0 DEOPT UNPACKING pc=0x00000167bfb14e42 sp=0x0000001486ffc8b8 mode 1
Event: 18.562 Thread 0x000001681494d8a0 DEOPT PACKING pc=0x00000167c01bd7d4 sp=0x0000001486ffd480
Event: 18.562 Thread 0x000001681494d8a0 DEOPT UNPACKING pc=0x00000167bfb14e42 sp=0x0000001486ffcab0 mode 1
Event: 18.563 Thread 0x000001681494d8a0 DEOPT PACKING pc=0x00000167bffb5ad9 sp=0x0000001486ffcb50
Event: 18.563 Thread 0x000001681494d8a0 DEOPT UNPACKING pc=0x00000167bfb14e42 sp=0x0000001486ffbfa8 mode 1
Event: 18.563 Thread 0x000001681494d8a0 DEOPT PACKING pc=0x00000167bffb4e8c sp=0x0000001486ffcbe0
Event: 18.563 Thread 0x000001681494d8a0 DEOPT UNPACKING pc=0x00000167bfb14e42 sp=0x0000001486ffc098 mode 1
Event: 18.563 Thread 0x000001681494d8a0 DEOPT PACKING pc=0x00000167bffb5ad9 sp=0x0000001486ffcc10
Event: 18.563 Thread 0x000001681494d8a0 DEOPT UNPACKING pc=0x00000167bfb14e42 sp=0x0000001486ffc068 mode 1
Event: 18.563 Thread 0x000001681494d8a0 DEOPT PACKING pc=0x00000167bffb4e8c sp=0x0000001486ffcca0
Event: 18.563 Thread 0x000001681494d8a0 DEOPT UNPACKING pc=0x00000167bfb14e42 sp=0x0000001486ffc158 mode 1
Event: 18.564 Thread 0x000001681494d8a0 DEOPT PACKING pc=0x00000167bffb5ad9 sp=0x0000001486ffcce0
Event: 18.564 Thread 0x000001681494d8a0 DEOPT UNPACKING pc=0x00000167bfb14e42 sp=0x0000001486ffc138 mode 1
Event: 18.564 Thread 0x000001681494d8a0 DEOPT PACKING pc=0x00000167bffb4e8c sp=0x0000001486ffcd70
Event: 18.564 Thread 0x000001681494d8a0 DEOPT UNPACKING pc=0x00000167bfb14e42 sp=0x0000001486ffc228 mode 1

Classes loaded (20 events):
Event: 18.570 Loading class org/springframework/web/util/pattern/PathPattern
Event: 18.570 Loading class org/springframework/web/util/pattern/PathPattern done
Event: 18.570 Loading class org/springframework/web/util/pattern/PathPattern
Event: 18.570 Loading class org/springframework/web/util/pattern/PathPattern done
Event: 18.570 Loading class org/springframework/web/util/pattern/PathPattern
Event: 18.570 Loading class org/springframework/web/util/pattern/PathPattern done
Event: 18.570 Loading class org/springframework/web/util/pattern/PathPattern
Event: 18.570 Loading class org/springframework/web/util/pattern/PathPattern done
Event: 18.570 Loading class org/springframework/http/server/observation/ServerRequestObservationContext
Event: 18.570 Loading class org/springframework/http/server/observation/ServerRequestObservationContext done
Event: 18.570 Loading class org/springframework/http/server/observation/ServerRequestObservationContext
Event: 18.570 Loading class org/springframework/http/server/observation/ServerRequestObservationContext done
Event: 18.571 Loading class org/springframework/web/servlet/handler/AbstractHandlerMapping$PreFlightHandler
Event: 18.571 Loading class org/springframework/web/servlet/handler/AbstractHandlerMapping$PreFlightHandler done
Event: 18.571 Loading class org/springframework/web/servlet/handler/AbstractHandlerMapping$CorsInterceptor
Event: 18.571 Loading class org/springframework/web/servlet/handler/AbstractHandlerMapping$CorsInterceptor done
Event: 18.571 Loading class org/springframework/web/servlet/handler/HandlerMappingIntrospector$LookupPathMatchableHandlerMapping
Event: 18.571 Loading class org/springframework/web/servlet/handler/HandlerMappingIntrospector$LookupPathMatchableHandlerMapping done
Event: 18.572 Loading class org/springframework/security/web/firewall/FirewalledResponse
Event: 18.572 Loading class org/springframework/security/web/firewall/FirewalledResponse done

Classes unloaded (0 events):
No events

Classes redefined (0 events):
No events

Internal exceptions (20 events):
Event: 6.614 Thread 0x00000167cafd5c80 Exception <a 'java/lang/NoSuchMethodError'{0x000000070e6a0a10}: 'java.lang.Object java.lang.invoke.DelegatingMethodHandle$Holder.reinvoke_L(java.lang.Object, java.lang.Object, java.lang.Object, java.lang.Object, java.lang.Object, java.lang.Object, java.lang.Object, java.lang.Object, java.lang.Object, java.lang.Object, java.lang.Object, java.lang.Object, java.lang.Object, java.lang.Object)'> (0x000000070e6a0a10) 
thrown [s\open\src\hotspot\share\interpreter\linkResolver.cpp, line 774]
Event: 6.616 Thread 0x00000167cafd5c80 Exception <a 'java/lang/NoSuchMethodError'{0x000000070e6ee430}: 'java.lang.Object java.lang.invoke.DirectMethodHandle$Holder.invokeStatic(java.lang.Object, java.lang.Object, java.lang.Object, java.lang.Object, java.lang.Object, java.lang.Object, java.lang.Object, java.lang.Object, java.lang.Object, java.lang.Object, java.lang.Object, java.lang.Object, java.lang.Object, java.lang.Object, java.lang.Object)'> (0x000000070e6ee430) 
thrown [s\open\src\hotspot\share\interpreter\linkResolver.cpp, line 774]
Event: 6.617 Thread 0x00000167cafd5c80 Exception <a 'java/lang/NoSuchMethodError'{0x000000070e711258}: 'java.lang.Object java.lang.invoke.DirectMethodHandle$Holder.invokeStatic(java.lang.Object, java.lang.Object, java.lang.Object, java.lang.Object, java.lang.Object, java.lang.Object, java.lang.Object, java.lang.Object, java.lang.Object, java.lang.Object, java.lang.Object, java.lang.Object, java.lang.Object, java.lang.Object, java.lang.Object, java.lang.Object)'> (0x000000070e711258) 
thrown [s\open\src\hotspot\share\interpreter\linkResolver.cpp
Event: 6.618 Thread 0x00000167cafd5c80 Exception <a 'java/lang/NoSuchMethodError'{0x000000070e737b90}: 'java.lang.Object java.lang.invoke.DirectMethodHandle$Holder.invokeStatic(java.lang.Object, java.lang.Object, java.lang.Object, java.lang.Object, java.lang.Object, java.lang.Object, java.lang.Object, java.lang.Object, java.lang.Object, java.lang.Object, java.lang.Object, java.lang.Object, java.lang.Object, java.lang.Object, java.lang.Object, java.lang.Object, java.lang.Object)'> (0x000000070e737b90) 
thrown [s\open\src\hotspot\share\interprete
Event: 6.675 Thread 0x00000167cafd5c80 Exception <a 'java/lang/NoSuchMethodError'{0x0000000711e68498}: 'java.lang.Object java.lang.invoke.DirectMethodHandle$Holder.newInvokeSpecial(java.lang.Object, java.lang.Object, java.lang.Object, java.lang.Object, java.lang.Object, java.lang.Object, java.lang.Object, java.lang.Object)'> (0x0000000711e68498) 
thrown [s\open\src\hotspot\share\interpreter\linkResolver.cpp, line 774]
Event: 7.077 Thread 0x00000167cafd5c80 Exception <a 'java/lang/IncompatibleClassChangeError'{0x0000000710983dc0}: Found class java.lang.Object, but interface was expected> (0x0000000710983dc0) 
thrown [s\open\src\hotspot\share\interpreter\linkResolver.cpp, line 841]
Event: 7.250 Thread 0x00000167cafd5c80 Exception <a 'java/lang/NoSuchMethodError'{0x000000070e5f2ee8}: 'java.lang.Object java.lang.invoke.DirectMethodHandle$Holder.invokeInterface(java.lang.Object, java.lang.Object, java.lang.Object, java.lang.Object)'> (0x000000070e5f2ee8) 
thrown [s\open\src\hotspot\share\interpreter\linkResolver.cpp, line 774]
Event: 7.317 Thread 0x00000167cafd5c80 Exception <a 'java/lang/NoSuchMethodError'{0x000000071100df48}: 'void java.lang.invoke.DirectMethodHandle$Holder.invokeVirtual(java.lang.Object, java.lang.Object, long)'> (0x000000071100df48) 
thrown [s\open\src\hotspot\share\interpreter\linkResolver.cpp, line 774]
Event: 7.601 Thread 0x00000167cafd5c80 Exception <a 'java/lang/NoSuchMethodError'{0x00000007120057d8}: 'java.lang.Object java.lang.invoke.DirectMethodHandle$Holder.invokeStaticInit(java.lang.Object, long)'> (0x00000007120057d8) 
thrown [s\open\src\hotspot\share\interpreter\linkResolver.cpp, line 774]
Event: 7.749 Thread 0x00000167cafd5c80 Exception <a 'java/lang/IncompatibleClassChangeError'{0x000000070fb6c1c0}: Found class java.lang.Object, but interface was expected> (0x000000070fb6c1c0) 
thrown [s\open\src\hotspot\share\interpreter\linkResolver.cpp, line 841]
Event: 8.058 Thread 0x00000167cafd5c80 Exception <a 'java/lang/NoSuchMethodError'{0x000000070e77b0a8}: 'java.lang.Object java.lang.invoke.DirectMethodHandle$Holder.newInvokeSpecial(java.lang.Object, java.lang.Object, int, java.lang.Object, java.lang.Object)'> (0x000000070e77b0a8) 
thrown [s\open\src\hotspot\share\interpreter\linkResolver.cpp, line 774]
Event: 8.126 Thread 0x000001681494e5c0 Exception <a 'java/lang/NoSuchMethodError'{0x00000007130174e0}: 'java.lang.Object java.lang.invoke.DirectMethodHandle$Holder.invokeSpecial(java.lang.Object, java.lang.Object, java.lang.Object, java.lang.Object, int, java.lang.Object, java.lang.Object)'> (0x00000007130174e0) 
thrown [s\open\src\hotspot\share\interpreter\linkResolver.cpp, line 774]
Event: 8.126 Thread 0x000001681494e5c0 Exception <a 'java/lang/NoSuchMethodError'{0x0000000713020548}: 'java.lang.Object java.lang.invoke.DirectMethodHandle$Holder.newInvokeSpecial(java.lang.Object, java.lang.Object, java.lang.Object, java.lang.Object, int)'> (0x0000000713020548) 
thrown [s\open\src\hotspot\share\interpreter\linkResolver.cpp, line 774]
Event: 8.126 Thread 0x000001681494e5c0 Exception <a 'java/lang/NoSuchMethodError'{0x0000000713024868}: 'java.lang.Object java.lang.invoke.DirectMethodHandle$Holder.invokeSpecial(java.lang.Object, java.lang.Object, java.lang.Object, java.lang.Object, java.lang.Object, int)'> (0x0000000713024868) 
thrown [s\open\src\hotspot\share\interpreter\linkResolver.cpp, line 774]
Event: 8.126 Thread 0x000001681494e5c0 Exception <a 'java/lang/NoSuchMethodError'{0x0000000713028398}: 'java.lang.Object java.lang.invoke.Invokers$Holder.linkToTargetMethod(java.lang.Object, java.lang.Object, java.lang.Object, int, java.lang.Object)'> (0x0000000713028398) 
thrown [s\open\src\hotspot\share\interpreter\linkResolver.cpp, line 774]
Event: 8.172 Thread 0x000001681494e5c0 Exception <a 'java/lang/IncompatibleClassChangeError'{0x0000000712d4d3e8}: Found class java.lang.Object, but interface was expected> (0x0000000712d4d3e8) 
thrown [s\open\src\hotspot\share\interpreter\linkResolver.cpp, line 841]
Event: 8.183 Thread 0x000001681494e5c0 Exception <a 'java/lang/NoSuchMethodError'{0x0000000712a0fff0}: 'void java.lang.invoke.DirectMethodHandle$Holder.invokeSpecialIFC(java.lang.Object, java.lang.Object, int, java.lang.Object, java.lang.Object, java.lang.Object, java.lang.Object)'> (0x0000000712a0fff0) 
thrown [s\open\src\hotspot\share\interpreter\linkResolver.cpp, line 774]
Event: 8.258 Thread 0x000001681494ec50 Exception <a 'java/lang/NoSuchMethodError'{0x0000000712897130}: 'java.lang.Object java.lang.invoke.DirectMethodHandle$Holder.invokeInterface(java.lang.Object, java.lang.Object, java.lang.Object, java.lang.Object, java.lang.Object, java.lang.Object, java.lang.Object)'> (0x0000000712897130) 
thrown [s\open\src\hotspot\share\interpreter\linkResolver.cpp, line 774]
Event: 18.532 Thread 0x000001681494d8a0 Exception <a 'java/lang/NoSuchMethodError'{0x00000007125552e8}: 'java.lang.Object java.lang.invoke.DirectMethodHandle$Holder.invokeSpecial(java.lang.Object, java.lang.Object, java.lang.Object, java.lang.Object, java.lang.Object, long)'> (0x00000007125552e8) 
thrown [s\open\src\hotspot\share\interpreter\linkResolver.cpp, line 774]
Event: 18.532 Thread 0x000001681494d8a0 Exception <a 'java/lang/NoSuchMethodError'{0x0000000712558ab8}: 'java.lang.Object java.lang.invoke.Invokers$Holder.linkToTargetMethod(java.lang.Object, java.lang.Object, java.lang.Object, long, java.lang.Object)'> (0x0000000712558ab8) 
thrown [s\open\src\hotspot\share\interpreter\linkResolver.cpp, line 774]

ZGC Phase Switch (0 events):
No events

VM Operations (20 events):
Event: 8.057 Executing VM operation: HandshakeAllThreads (Deoptimize)
Event: 8.057 Executing VM operation: HandshakeAllThreads (Deoptimize) done
Event: 8.064 Executing VM operation: G1CollectForAllocation (G1 Evacuation Pause)
Event: 8.068 Executing VM operation: G1CollectForAllocation (G1 Evacuation Pause) done
Event: 8.114 Executing VM operation: HandshakeAllThreads (Deoptimize)
Event: 8.114 Executing VM operation: HandshakeAllThreads (Deoptimize) done
Event: 8.176 Executing VM operation: HandshakeAllThreads (Deoptimize)
Event: 8.176 Executing VM operation: HandshakeAllThreads (Deoptimize) done
Event: 8.179 Executing VM operation: HandshakeAllThreads (Deoptimize)
Event: 8.179 Executing VM operation: HandshakeAllThreads (Deoptimize) done
Event: 9.193 Executing VM operation: Cleanup
Event: 9.193 Executing VM operation: Cleanup done
Event: 18.508 Executing VM operation: HandshakeAllThreads (Deoptimize)
Event: 18.508 Executing VM operation: HandshakeAllThreads (Deoptimize) done
Event: 18.544 Executing VM operation: HandshakeAllThreads (Deoptimize)
Event: 18.544 Executing VM operation: HandshakeAllThreads (Deoptimize) done
Event: 18.544 Executing VM operation: Cleanup
Event: 18.544 Executing VM operation: Cleanup done
Event: 18.545 Executing VM operation: HandshakeAllThreads (Deoptimize)
Event: 18.545 Executing VM operation: HandshakeAllThreads (Deoptimize) done

Events (20 events):
Event: 8.064 Thread 0x0000016814947cc0 Thread added: 0x0000016814947cc0
Event: 8.064 Thread 0x000001681494c4f0 Thread added: 0x000001681494c4f0
Event: 8.064 Thread 0x0000016814948350 Thread added: 0x0000016814948350
Event: 8.077 Thread 0x000001681494be60 Thread added: 0x000001681494be60
Event: 8.078 Thread 0x000001681494df30 Thread added: 0x000001681494df30
Event: 8.087 Thread 0x000001681494e5c0 Thread added: 0x000001681494e5c0
Event: 8.091 Thread 0x00000167cafd5c80 Thread exited: 0x00000167cafd5c80
Event: 8.093 Thread 0x00000167cafd8a70 Thread exited: 0x00000167cafd8a70
Event: 8.093 Thread 0x00000167b5f96950 Thread exited: 0x00000167b5f96950
Event: 8.093 Thread 0x000001681494d210 Thread added: 0x000001681494d210
Event: 8.249 Thread 0x000001681494ec50 Thread added: 0x000001681494ec50
Event: 8.252 Thread 0x000001681494ec50 Thread exited: 0x000001681494ec50
Event: 8.254 Thread 0x000001681494ec50 Thread added: 0x000001681494ec50
Event: 8.255 Thread 0x000001681494f2e0 Thread added: 0x000001681494f2e0
Event: 8.260 Thread 0x000001681494f2e0 Thread exited: 0x000001681494f2e0
Event: 8.261 Thread 0x000001681494f2e0 Thread added: 0x000001681494f2e0
Event: 8.265 Thread 0x000001681494f2e0 Thread exited: 0x000001681494f2e0
Event: 8.852 Thread 0x0000016811a472e0 Thread exited: 0x0000016811a472e0
Event: 9.068 Thread 0x000001681099dd20 Thread exited: 0x000001681099dd20
Event: 12.944 Thread 0x00000168101f34a0 Thread exited: 0x00000168101f34a0


Dynamic libraries:
0x00007ff6a6840000 - 0x00007ff6a6850000 	C:\Program Files\Java\jdk-22\bin\java.exe
0x00007ff8dbd90000 - 0x00007ff8dbfa7000 	C:\WINDOWS\SYSTEM32\ntdll.dll
0x00007ff8d9e50000 - 0x00007ff8d9f14000 	C:\WINDOWS\System32\KERNEL32.DLL
0x00007ff8d93a0000 - 0x00007ff8d9757000 	C:\WINDOWS\System32\KERNELBASE.dll
0x00007ff8d9760000 - 0x00007ff8d9871000 	C:\WINDOWS\System32\ucrtbase.dll
0x00007ff8ced20000 - 0x00007ff8ced37000 	C:\Program Files\Java\jdk-22\bin\jli.dll
0x00007ff8ced00000 - 0x00007ff8ced1b000 	C:\Program Files\Java\jdk-22\bin\VCRUNTIME140.dll
0x00007ff8da1a0000 - 0x00007ff8da252000 	C:\WINDOWS\System32\ADVAPI32.dll
0x00007ff8dbca0000 - 0x00007ff8dbd47000 	C:\WINDOWS\System32\msvcrt.dll
0x00007ff8daf30000 - 0x00007ff8dafd8000 	C:\WINDOWS\System32\sechost.dll
0x00007ff8d9370000 - 0x00007ff8d9398000 	C:\WINDOWS\System32\bcrypt.dll
0x00007ff8db9b0000 - 0x00007ff8dbac4000 	C:\WINDOWS\System32\RPCRT4.dll
0x00007ff8da500000 - 0x00007ff8da6af000 	C:\WINDOWS\System32\USER32.dll
0x00007ff8d9110000 - 0x00007ff8d9136000 	C:\WINDOWS\System32\win32u.dll
0x00007ff8bb370000 - 0x00007ff8bb603000 	C:\WINDOWS\WinSxS\amd64_microsoft.windows.common-controls_6595b64144ccf1df_6.0.22621.3672_none_2713b9d173822955\COMCTL32.dll
0x00007ff8daef0000 - 0x00007ff8daf19000 	C:\WINDOWS\System32\GDI32.dll
0x00007ff8d99a0000 - 0x00007ff8d9ab8000 	C:\WINDOWS\System32\gdi32full.dll
0x00007ff8d9880000 - 0x00007ff8d991a000 	C:\WINDOWS\System32\msvcp_win.dll
0x00007ff8d0a60000 - 0x00007ff8d0a6a000 	C:\WINDOWS\SYSTEM32\VERSION.dll
0x00007ff8dafe0000 - 0x00007ff8db011000 	C:\WINDOWS\System32\IMM32.DLL
0x00007ff8d5930000 - 0x00007ff8d593c000 	C:\Program Files\Java\jdk-22\bin\vcruntime140_1.dll
0x00007ff8974c0000 - 0x00007ff89754e000 	C:\Program Files\Java\jdk-22\bin\msvcp140.dll
0x00007ff889db0000 - 0x00007ff88aaf7000 	C:\Program Files\Java\jdk-22\bin\server\jvm.dll
0x00007ff8da460000 - 0x00007ff8da4d1000 	C:\WINDOWS\System32\WS2_32.dll
0x00007ff8d8f70000 - 0x00007ff8d8fbd000 	C:\WINDOWS\SYSTEM32\POWRPROF.dll
0x00007ff8d4b20000 - 0x00007ff8d4b54000 	C:\WINDOWS\SYSTEM32\WINMM.dll
0x00007ff8d8f50000 - 0x00007ff8d8f63000 	C:\WINDOWS\SYSTEM32\UMPDC.dll
0x00007ff8d80c0000 - 0x00007ff8d80d8000 	C:\WINDOWS\SYSTEM32\kernel.appcore.dll
0x00007ff8d58d0000 - 0x00007ff8d58da000 	C:\Program Files\Java\jdk-22\bin\jimage.dll
0x00007ff8cd7d0000 - 0x00007ff8cda02000 	C:\WINDOWS\SYSTEM32\DBGHELP.DLL
0x00007ff8d9ac0000 - 0x00007ff8d9e4e000 	C:\WINDOWS\System32\combase.dll
0x00007ff8dada0000 - 0x00007ff8dae77000 	C:\WINDOWS\System32\OLEAUT32.dll
0x00007ff8cd750000 - 0x00007ff8cd782000 	C:\WINDOWS\SYSTEM32\dbgcore.DLL
0x00007ff8d9920000 - 0x00007ff8d999b000 	C:\WINDOWS\System32\bcryptPrimitives.dll
0x00007ff8c8750000 - 0x00007ff8c878c000 	C:\Program Files\Java\jdk-22\bin\jdwp.dll
0x00007ff8d57f0000 - 0x00007ff8d57ff000 	C:\Program Files\Java\jdk-22\bin\instrument.dll
0x00007ff8cece0000 - 0x00007ff8cecfe000 	C:\Program Files\Java\jdk-22\bin\java.dll
0x00007ff8db140000 - 0x00007ff8db9a9000 	C:\WINDOWS\System32\SHELL32.dll
0x00007ff8da2b0000 - 0x00007ff8da455000 	C:\WINDOWS\System32\ole32.dll
0x00007ff8b14c0000 - 0x00007ff8b14d7000 	C:\Program Files\Java\jdk-22\bin\zip.dll
0x00007ff8d6fc0000 - 0x00007ff8d78bf000 	C:\WINDOWS\SYSTEM32\windows.storage.dll
0x00007ff8d6e80000 - 0x00007ff8d6fbf000 	C:\WINDOWS\SYSTEM32\wintypes.dll
0x00007ff8daca0000 - 0x00007ff8dad99000 	C:\WINDOWS\System32\SHCORE.dll
0x00007ff8d9f20000 - 0x00007ff8d9f7e000 	C:\WINDOWS\System32\shlwapi.dll
0x00007ff8d8fd0000 - 0x00007ff8d8ff7000 	C:\WINDOWS\SYSTEM32\profapi.dll
0x00007ff8d2a10000 - 0x00007ff8d2a1c000 	C:\Program Files\Java\jdk-22\bin\dt_socket.dll
0x00007ff8d7b10000 - 0x00007ff8d7b3d000 	C:\WINDOWS\SYSTEM32\IPHLPAPI.DLL
0x00007ff8d8540000 - 0x00007ff8d85a9000 	C:\WINDOWS\system32\mswsock.dll
0x00007ff8cecd0000 - 0x00007ff8cece0000 	C:\Program Files\Java\jdk-22\bin\net.dll
0x00007ff8cecb0000 - 0x00007ff8cecc6000 	C:\Program Files\Java\jdk-22\bin\nio.dll
0x00007ff8d7b40000 - 0x00007ff8d7c42000 	C:\WINDOWS\SYSTEM32\DNSAPI.dll
0x00007ff8daf20000 - 0x00007ff8daf29000 	C:\WINDOWS\System32\NSI.dll
0x00007ff8d4fb0000 - 0x00007ff8d4fba000 	C:\Windows\System32\rasadhlp.dll
0x00007ff8d5190000 - 0x00007ff8d5213000 	C:\WINDOWS\System32\fwpuclnt.dll
0x00007ff8d4b60000 - 0x00007ff8d4b6a000 	C:\Program Files\Java\jdk-22\bin\management.dll
0x00007ff8d4160000 - 0x00007ff8d416b000 	C:\Program Files\Java\jdk-22\bin\management_ext.dll
0x00007ff8dab30000 - 0x00007ff8dab38000 	C:\WINDOWS\System32\PSAPI.DLL
0x00007ff8d87c0000 - 0x00007ff8d87db000 	C:\WINDOWS\SYSTEM32\CRYPTSP.dll
0x00007ff8d8020000 - 0x00007ff8d8055000 	C:\WINDOWS\system32\rsaenh.dll
0x00007ff8d8650000 - 0x00007ff8d8678000 	C:\WINDOWS\SYSTEM32\USERENV.dll
0x00007ff8d87b0000 - 0x00007ff8d87bc000 	C:\WINDOWS\SYSTEM32\CRYPTBASE.dll
0x00007ff8b1aa0000 - 0x00007ff8b1ab7000 	C:\WINDOWS\system32\napinsp.dll
0x00007ff8b1a20000 - 0x00007ff8b1a3b000 	C:\WINDOWS\system32\pnrpnsp.dll
0x00007ff8b1210000 - 0x00007ff8b1221000 	C:\WINDOWS\System32\winrnr.dll
0x00007ff8b11f0000 - 0x00007ff8b1205000 	C:\WINDOWS\system32\wshbth.dll
0x00007ff8b11c0000 - 0x00007ff8b11e7000 	C:\WINDOWS\system32\nlansp_c.dll
0x00007ff8cdb80000 - 0x00007ff8cdb89000 	C:\Program Files\Java\jdk-22\bin\extnet.dll
0x00007ff8d5800000 - 0x00007ff8d5810000 	C:\Program Files\Java\jdk-22\bin\verify.dll
0x00007ff8cdec0000 - 0x00007ff8cdece000 	C:\Program Files\Java\jdk-22\bin\sunmscapi.dll
0x00007ff8d9200000 - 0x00007ff8d9366000 	C:\WINDOWS\System32\CRYPT32.dll
0x00007ff8d8970000 - 0x00007ff8d899d000 	C:\WINDOWS\SYSTEM32\ncrypt.dll
0x00007ff8d8930000 - 0x00007ff8d8967000 	C:\WINDOWS\SYSTEM32\NTASN1.dll
0x00007ff8cf310000 - 0x00007ff8cf318000 	C:\WINDOWS\system32\wshunix.dll

dbghelp: loaded successfully - version: 4.0.5 - missing functions: none
symbol engine: initialized successfully - sym options: 0x614 - pdb path: .;C:\Program Files\Java\jdk-22\bin;C:\WINDOWS\SYSTEM32;C:\WINDOWS\WinSxS\amd64_microsoft.windows.common-controls_6595b64144ccf1df_6.0.22621.3672_none_2713b9d173822955;C:\Program Files\Java\jdk-22\bin\server

VM Arguments:
jvm_args: -agentlib:jdwp=transport=dt_socket,address=127.0.0.1:60936,suspend=y,server=n -XX:TieredStopAtLevel=1 -Dspring.output.ansi.enabled=always -Dcom.sun.management.jmxremote -Dspring.jmx.enabled=true -Dspring.liveBeansView.mbeanDomain -Dspring.application.admin.enabled=true -Dmanagement.endpoints.jmx.exposure.include=* -javaagent:C:\Users\ADMIN\AppData\Local\JetBrains\IntelliJIdea2024.1\captureAgent\debugger-agent.jar=file:/C:/Users/ADMIN/AppData/Local/Temp/capture.props -Dfile.encoding=UTF-8 -Dsun.stdout.encoding=UTF-8 -Dsun.stderr.encoding=UTF-8 
java_command: com.homestay.HomestayApplication
java_class_path (initial): C:\Users\ADMIN\OneDrive\My tnh\WebBookingHomestay\server\target\classes;C:\Users\ADMIN\.m2\repository\org\springframework\boot\spring-boot-starter-data-jpa\3.3.3\spring-boot-starter-data-jpa-3.3.3.jar;C:\Users\ADMIN\.m2\repository\org\springframework\boot\spring-boot-starter-aop\3.3.3\spring-boot-starter-aop-3.3.3.jar;C:\Users\ADMIN\.m2\repository\org\springframework\boot\spring-boot-starter-jdbc\3.3.3\spring-boot-starter-jdbc-3.3.3.jar;C:\Users\ADMIN\.m2\repository\com\zaxxer\HikariCP\5.1.0\HikariCP-5.1.0.jar;C:\Users\ADMIN\.m2\repository\org\springframework\spring-jdbc\6.1.12\spring-jdbc-6.1.12.jar;C:\Users\ADMIN\.m2\repository\org\hibernate\orm\hibernate-core\6.5.2.Final\hibernate-core-6.5.2.Final.jar;C:\Users\ADMIN\.m2\repository\jakarta\persistence\jakarta.persistence-api\3.1.0\jakarta.persistence-api-3.1.0.jar;C:\Users\ADMIN\.m2\repository\jakarta\transaction\jakarta.transaction-api\2.0.1\jakarta.transaction-api-2.0.1.jar;C:\Users\ADMIN\.m2\repository\org\jboss\logging\jboss-logging\3.5.3.Final\jboss-logging-3.5.3.Final.jar;C:\Users\ADMIN\.m2\repository\org\hibernate\common\hibernate-commons-annotations\6.0.6.Final\hibernate-commons-annotations-6.0.6.Final.jar;C:\Users\ADMIN\.m2\repository\io\smallrye\jandex\3.1.2\jandex-3.1.2.jar;C:\Users\ADMIN\.m2\repository\com\fasterxml\classmate\1.7.0\classmate-1.7.0.jar;C:\Users\ADMIN\.m2\repository\net\bytebuddy\byte-buddy\1.14.19\byte-buddy-1.14.19.jar;C:\Users\ADMIN\.m2\repository\org\glassfish\jaxb\jaxb-runtime\4.0.5\jaxb-runtime-4.0.5.jar;C:\Users\ADMIN\.m2\repository\org\glassfish\jaxb\jaxb-core\4.0.5\jaxb-core-4.0.5.jar;C:\Users\ADMIN\.m2\repository\org\glassfish\jaxb\txw2\4.0.5\txw2-4.0.5.jar;C:\Users\ADMIN\.m2\repository\com\sun\istack\istack-commons-runtime\4.1.2\istack-commons-runtime-4.1.2.jar;C:\Users\ADMIN\.m2\repository\jakarta\inject\jakarta.inject-api\2.0.1\jakarta.inject-api-2.0.1.jar;C:\Users\ADMIN\.m2\repository\org\antlr\antlr4-runtime\4.13.0\antlr4-runtime-4.13.0.jar;C:\Users\ADMIN\.m2\repository\org\springframework\data\spring-data-jpa\3.3.3\spring-data-jpa-3.3.3.jar;C:\Users\ADMIN\.m2\repository\org\springframework\data\spring-data-commons\3.3.3\spring-data-commons-3.3.3.jar;C:\Users\ADMIN\.m2\repository\org\springframework\spring-orm\6.1.12\spring-orm-6.1.12.jar;C:\Users\ADMIN\.m2\repository\org\springframework\spring-context\6.1.12\spring-context-6.1.12.jar;C:\Users\ADMIN\.m2\repository\org\springframework\spring-tx\6.1.12\spring-tx-6.1.12.jar;C:\Users\ADMIN\.m2\repository\org\springframework\spring-beans\6.1.12\spring-beans-6.1.12.jar;C:\Users\ADMIN\.m2\repository\jakarta\annotation\jakarta.annotation-api\2.1.1\jakarta.annotation-api-2.1.1.jar;C:\Users\ADMIN\.m2\repository\org\slf4j\slf4j-api\2.0.16\slf4j-api-2.0.16.jar;C:\Users\ADMIN\.m2\repository\org\springframework\boot\spring-boot-starter-web\3.3.3\spring-boot-starter-web-3.3.3.jar;C:\Users\ADMIN\.m2\repository\org\springframework\boot\spring-boot-starter\3.3.3\spring-boot-starter-3.3.3.jar;C:\Users\ADMIN\.m2\repository\org\springframework\boot\spring-boot-starter-logging\3.3.3\spring-boot-starter-logging-3.3.3.jar;C:\Users\ADMIN\.m2\repository\ch\qos\logback\logback-classic\1.5.7\logback-classic-1.5.7.jar;C:\Users\ADMIN\.m2\repository\ch\qos\logback\logback-core\1.5.7\logback-core-1.5.7.jar;C:\Users\ADMIN\.m2\repository\org\apache\logging\log4j\log4j-to-slf4j\2.23.1\log4j-to-slf4j-2.23.1.jar;C:\Users\ADMIN\.m2\repository\org\apache\logging\log4j\log4j-api\2.23.1\log4j-api-2.23.1.jar;C:\Users\ADMIN\.m2\repository\org\slf4j\jul-to-slf4j\2.0.16\jul-to-slf4j-2.0.16.jar;C:\Users\ADMIN\.m2\repository\org\yaml\snakeyaml\2.2\snakeyaml-2.2.jar;C:\Users\ADMIN\.m2\repository\org\springframework\boot\spring-boot-starter-json\3.3.3\spring-boot-starter-json-3.3.3.jar;C:\Users\ADMIN\.m2\repository\com\fasterxml\jackson\datatype\jackson-datatype-jdk8\2.17.2\jackson-datatype-jdk8-2.17.2.jar;C:\Users\ADMIN\.m2\repository\com\fasterxml\jackson\datatype\jackson-datatype-jsr310\2.17.2\jackson-datatype-jsr310-2.17.2.jar;C:\Users\ADMIN\.m2\repository\com\fasterxml\jackson\module\jackson-module-parameter-names\2.17.2\jackson-module-parameter-names-2.17.2.jar;C:\Users\ADMIN\.m2\repository\org\springframework\boot\spring-boot-starter-tomcat\3.3.3\spring-boot-starter-tomcat-3.3.3.jar;C:\Users\ADMIN\.m2\repository\org\apache\tomcat\embed\tomcat-embed-core\10.1.28\tomcat-embed-core-10.1.28.jar;C:\Users\ADMIN\.m2\repository\org\apache\tomcat\embed\tomcat-embed-websocket\10.1.28\tomcat-embed-websocket-10.1.28.jar;C:\Users\ADMIN\.m2\repository\org\springframework\spring-web\6.1.12\spring-web-6.1.12.jar;C:\Users\ADMIN\.m2\repository\io\micrometer\micrometer-observation\1.13.3\micrometer-observation-1.13.3.jar;C:\Users\ADMIN\.m2\repository\io\micrometer\micrometer-commons\1.13.3\micrometer-commons-1.13.3.jar;C:\Users\ADMIN\.m2\repository\org\springframework\spring-webmvc\6.1.12\spring-webmvc-6.1.12.jar;C:\Users\ADMIN\.m2\repository\org\springframework\spring-expression\6.1.12\spring-expression-6.1.12.jar;C:\Users\ADMIN\.m2\repository\org\springframework\boot\spring-boot-starter-validation\3.3.3\spring-boot-starter-validation-3.3.3.jar;C:\Users\ADMIN\.m2\repository\org\apache\tomcat\embed\tomcat-embed-el\10.1.28\tomcat-embed-el-10.1.28.jar;C:\Users\ADMIN\.m2\repository\org\hibernate\validator\hibernate-validator\8.0.1.Final\hibernate-validator-8.0.1.Final.jar;C:\Users\ADMIN\.m2\repository\jakarta\validation\jakarta.validation-api\3.0.2\jakarta.validation-api-3.0.2.jar;C:\Users\ADMIN\.m2\repository\org\springframework\boot\spring-boot-devtools\3.3.3\spring-boot-devtools-3.3.3.jar;C:\Users\ADMIN\.m2\repository\org\springframework\boot\spring-boot\3.3.3\spring-boot-3.3.3.jar;C:\Users\ADMIN\.m2\repository\org\springframework\boot\spring-boot-autoconfigure\3.3.3\spring-boot-autoconfigure-3.3.3.jar;C:\Users\ADMIN\.m2\repository\org\postgresql\postgresql\42.7.3\postgresql-42.7.3.jar;C:\Users\ADMIN\.m2\repository\org\checkerframework\checker-qual\3.42.0\checker-qual-3.42.0.jar;C:\Users\ADMIN\.m2\repository\org\projectlombok\lombok\1.18.30\lombok-1.18.30.jar;C:\Users\ADMIN\.m2\repository\org\mapstruct\mapstruct\1.6.0\mapstruct-1.6.0.jar;C:\Users\ADMIN\.m2\repository\org\springframework\boot\spring-boot-starter-security\3.3.3\spring-boot-starter-security-3.3.3.jar;C:\Users\ADMIN\.m2\repository\org\springframework\spring-aop\6.1.12\spring-aop-6.1.12.jar;C:\Users\ADMIN\.m2\repository\org\springframework\security\spring-security-config\6.3.3\spring-security-config-6.3.3.jar;C:\Users\ADMIN\.m2\repository\org\springframework\security\spring-security-core\6.3.3\spring-security-core-6.3.3.jar;C:\Users\ADMIN\.m2\repository\org\springframework\security\spring-security-crypto\6.3.3\spring-security-crypto-6.3.3.jar;C:\Users\ADMIN\.m2\repository\org\springframework\security\spring-security-web\6.3.3\spring-security-web-6.3.3.jar;C:\Users\ADMIN\.m2\repository\org\springframework\spring-aspects\6.1.10\spring-aspects-6.1.10.jar;C:\Users\ADMIN\.m2\repository\org\aspectj\aspectjweaver\1.9.22.1\aspectjweaver-1.9.22.1.jar;C:\Users\ADMIN\.m2\repository\io\jsonwebtoken\jjwt-api\0.12.6\jjwt-api-0.12.6.jar;C:\Users\ADMIN\.m2\repository\io\jsonwebtoken\jjwt-impl\0.12.6\jjwt-impl-0.12.6.jar;C:\Users\ADMIN\.m2\repository\io\jsonwebtoken\jjwt-jackson\0.12.6\jjwt-jackson-0.12.6.jar;C:\Users\ADMIN\.m2\repository\com\fasterxml\jackson\core\jackson-databind\2.17.2\jackson-databind-2.17.2.jar;C:\Users\ADMIN\.m2\repository\com\fasterxml\jackson\core\jackson-annotations\2.17.2\jackson-annotations-2.17.2.jar;C:\Users\ADMIN\.m2\repository\com\fasterxml\jackson\core\jackson-core\2.17.2\jackson-core-2.17.2.jar;C:\Users\ADMIN\.m2\repository\com\cloudinary\cloudinary-http44\1.39.0\cloudinary-http44-1.39.0.jar;C:\Users\ADMIN\.m2\repository\com\cloudinary\cloudinary-core\1.39.0\cloudinary-core-1.39.0.jar;C:\Users\ADMIN\.m2\repository\org\apache\commons\commons-lang3\3.14.0\commons-lang3-3.14.0.jar;C:\Users\ADMIN\.m2\repository\org\apache\httpcomponents\httpclient\4.4\httpclient-4.4.jar;C:\Users\ADMIN\.m2\repository\org\apache\httpcomponents\httpcore\4.4.16\httpcore-4.4.16.jar;C:\Users\ADMIN\.m2\repository\commons-logging\commons-logging\1.2\commons-logging-1.2.jar;C:\Users\ADMIN\.m2\repository\commons-codec\commons-codec\1.16.1\commons-codec-1.16.1.jar;C:\Users\ADMIN\.m2\repository\org\apache\httpcomponents\httpmime\4.4\httpmime-4.4.jar;C:\Users\ADMIN\.m2\repository\org\springframework\boot\spring-boot-starter-mail\3.3.3\spring-boot-starter-mail-3.3.3.jar;C:\Users\ADMIN\.m2\repository\org\springframework\spring-context-support\6.1.12\spring-context-support-6.1.12.jar;C:\Users\ADMIN\.m2\repository\org\eclipse\angus\jakarta.mail\2.0.3\jakarta.mail-2.0.3.jar;C:\Users\ADMIN\.m2\repository\jakarta\activation\jakarta.activation-api\2.1.3\jakarta.activation-api-2.1.3.jar;C:\Users\ADMIN\.m2\repository\org\eclipse\angus\angus-activation\2.0.2\angus-activation-2.0.2.jar;C:\Users\ADMIN\.m2\repository\com\google\code\gson\gson\2.8.9\gson-2.8.9.jar;C:\Users\ADMIN\.m2\repository\com\pusher\pusher-http-java\1.0.0\pusher-http-java-1.0.0.jar;C:\Users\ADMIN\.m2\repository\org\springframework\boot\spring-boot-starter-data-redis\3.3.3\spring-boot-starter-data-redis-3.3.3.jar;C:\Users\ADMIN\.m2\repository\io\lettuce\lettuce-core\6.3.2.RELEASE\lettuce-core-6.3.2.RELEASE.jar;C:\Users\ADMIN\.m2\repository\io\netty\netty-common\4.1.112.Final\netty-common-4.1.112.Final.jar;C:\Users\ADMIN\.m2\repository\io\netty\netty-handler\4.1.112.Final\netty-handler-4.1.112.Final.jar;C:\Users\ADMIN\.m2\repository\io\netty\netty-resolver\4.1.112.Final\netty-resolver-4.1.112.Final.jar;C:\Users\ADMIN\.m2\repository\io\netty\netty-buffer\4.1.112.Final\netty-buffer-4.1.112.Final.jar;C:\Users\ADMIN\.m2\repository\io\netty\netty-transport-native-unix-common\4.1.112.Final\netty-transport-native-unix-common-4.1.112.Final.jar;C:\Users\ADMIN\.m2\repository\io\netty\netty-codec\4.1.112.Final\netty-codec-4.1.112.Final.jar;C:\Users\ADMIN\.m2\repository\io\netty\netty-transport\4.1.112.Final\netty-transport-4.1.112.Final.jar;C:\Users\ADMIN\.m2\repository\io\projectreactor\reactor-core\3.6.9\reactor-core-3.6.9.jar;C:\Users\ADMIN\.m2\repository\org\reactivestreams\reactive-streams\1.0.4\reactive-streams-1.0.4.jar;C:\Users\ADMIN\.m2\repository\org\springframework\data\spring-data-redis\3.3.3\spring-data-redis-3.3.3.jar;C:\Users\ADMIN\.m2\repository\org\springframework\data\spring-data-keyvalue\3.3.3\spring-data-keyvalue-3.3.3.jar;C:\Users\ADMIN\.m2\repository\org\springframework\spring-oxm\6.1.12\spring-oxm-6.1.12.jar;C:\Users\ADMIN\.m2\repository\org\springframework\boot\spring-boot-starter-cache\3.3.3\spring-boot-starter-cache-3.3.3.jar;C:\Users\ADMIN\.m2\repository\jakarta\xml\bind\jakarta.xml.bind-api\4.0.2\jakarta.xml.bind-api-4.0.2.jar;C:\Users\ADMIN\.m2\repository\org\springframework\spring-core\6.1.12\spring-core-6.1.12.jar;C:\Users\ADMIN\.m2\repository\org\springframework\spring-jcl\6.1.12\spring-jcl-6.1.12.jar;C:\Program Files\JetBrains\IntelliJ IDEA 2024.1.1\lib\idea_rt.jar
Launcher Type: SUN_STANDARD

[Global flags]
     intx CICompilerCount                          = 4                                         {product} {ergonomic}
     uint ConcGCThreads                            = 3                                         {product} {ergonomic}
     uint G1ConcRefinementThreads                  = 10                                        {product} {ergonomic}
   size_t G1HeapRegionSize                         = 2097152                                   {product} {ergonomic}
   size_t InitialHeapSize                          = 260046848                                 {product} {ergonomic}
     bool ManagementServer                         = true                                      {product} {command line}
   size_t MarkStackSize                            = 4194304                                   {product} {ergonomic}
   size_t MaxHeapSize                              = 4131389440                                {product} {ergonomic}
   size_t MaxNewSize                               = 2478833664                                {product} {ergonomic}
   size_t MinHeapDeltaBytes                        = 2097152                                   {product} {ergonomic}
   size_t MinHeapSize                              = 8388608                                   {product} {ergonomic}
    uintx NonNMethodCodeHeapSize                   = 4096                                   {pd product} {ergonomic}
    uintx NonProfiledCodeHeapSize                  = 0                                      {pd product} {ergonomic}
     bool ProfileInterpreter                       = false                                  {pd product} {command line}
    uintx ProfiledCodeHeapSize                     = 0                                      {pd product} {ergonomic}
   size_t SoftMaxHeapSize                          = 4131389440                             {manageable} {ergonomic}
     intx TieredStopAtLevel                        = 1                                         {product} {command line}
     bool UseCompressedOops                        = true                           {product lp64_product} {ergonomic}
     bool UseG1GC                                  = true                                      {product} {ergonomic}
     bool UseLargePagesIndividualAllocation        = false                                  {pd product} {ergonomic}

Logging:
Log output configuration:
 #0: stdout all=warning uptime,level,tags foldmultilines=false
 #1: stderr all=off uptime,level,tags foldmultilines=false

Environment Variables:
JAVA_HOME=C:\Program Files\Java\jdk-22
PATH=C:\Program Files (x86)\Common Files\Oracle\Java\javapath;C:\Program Files\Common Files\Oracle\Java\javapath;C:\WINDOWS\system32;C:\WINDOWS;C:\WINDOWS\System32\Wbem;C:\WINDOWS\System32\WindowsPowerShell\v1.0\;C:\WINDOWS\System32\OpenSSH\;C:\Program Files\Azure Data Studio\bin;C:\Program Files\dotnet\;%JAVA_HOME%\bin;C:\apache-maven-3.9.6\bin;C:\Program Files\Git\cmd;C:\Program Files\Microsoft SQL Server\Client SDK\ODBC\170\Tools\Binn\;C:\Program Files\Microsoft SQL Server\160\DTS\Binn\;C:\Program Files (x86)\Microsoft SQL Server\160\DTS\Binn\;C:\Program Files\Docker\Docker\resources\bin;C:\Users\ADMIN\AppData\Roaming\nvm;C:\Program Files\nodejs;C:\Users\ADMIN\AppData\Local\Programs\Python\Launcher\;C:\Users\ADMIN\AppData\Local\Microsoft\WindowsApps;C:\Program Files\JetBrains\PyCharm 2023.2.1\bin;;C:\Program Files\Azure Data Studio\bin;C:\Users\ADMIN\.dotnet\tools;C:\Program Files\Java\jdk-20\bin;C:\Program Files (x86)\Inno Setup 5;C:\Users\ADMIN\AppData\Local\Programs\Microsoft VS Code\bin;C:\Users\ADMIN\AppData\Roaming\npm;C:\Users\ADMIN\AppData\Local\Microsoft\WinGet\Packages\Schniz.fnm_Microsoft.Winget.Source_8wekyb3d8bbwe;C:\Users\ADMIN\AppData\Roaming\nvm;C:\Program Files\nodejs;C:\Users\ADMIN\AppData\Local\Programs\oh-my-posh\bin;C:\Program Files\Graphviz\bin;C:\Program Files\JetBrains\WebStorm 2024.2.4\bin;
USERNAME=ADMIN
OS=Windows_NT
PROCESSOR_IDENTIFIER=AMD64 Family 25 Model 80 Stepping 0, AuthenticAMD
TMP=C:\Users\ADMIN\AppData\Local\Temp
TEMP=C:\Users\ADMIN\AppData\Local\Temp




Periodic native trim disabled

---------------  S Y S T E M  ---------------

OS:
 Windows 11 , 64 bit Build 22621 (10.0.22621.3958)
OS uptime: 5 days 1:41 hours
Hyper-V role detected

CPU: total 12 (initial active 12) (12 cores per cpu, 2 threads per core) family 25 model 80 stepping 0 microcode 0x0, cx8, cmov, fxsr, ht, mmx, 3dnowpref, sse, sse2, sse3, ssse3, sse4a, sse4.1, sse4.2, popcnt, lzcnt, tsc, tscinvbit, avx, avx2, aes, erms, clmul, bmi1, bmi2, adx, sha, fma, vzeroupper, clflush, clflushopt, hv, rdtscp, rdpid, fsrm, f16c, cet_ss
Processor Information for processor 0
  Max Mhz: 3301, Current Mhz: 2630, Mhz Limit: 3301
Processor Information for processor 1
  Max Mhz: 3301, Current Mhz: 2630, Mhz Limit: 3301
Processor Information for processor 2
  Max Mhz: 3301, Current Mhz: 2630, Mhz Limit: 3301
Processor Information for processor 3
  Max Mhz: 3301, Current Mhz: 3301, Mhz Limit: 3301
Processor Information for processor 4
  Max Mhz: 3301, Current Mhz: 2630, Mhz Limit: 3301
Processor Information for processor 5
  Max Mhz: 3301, Current Mhz: 2630, Mhz Limit: 3301
Processor Information for processor 6
  Max Mhz: 3301, Current Mhz: 2630, Mhz Limit: 3301
Processor Information for processor 7
  Max Mhz: 3301, Current Mhz: 2630, Mhz Limit: 3301
Processor Information for processor 8
  Max Mhz: 3301, Current Mhz: 3301, Mhz Limit: 3301
Processor Information for processor 9
  Max Mhz: 3301, Current Mhz: 2630, Mhz Limit: 3301
Processor Information for processor 10
  Max Mhz: 3301, Current Mhz: 3301, Mhz Limit: 3301
Processor Information for processor 11
  Max Mhz: 3301, Current Mhz: 2630, Mhz Limit: 3301

Memory: 4k page, system-wide physical 15754M (765M free)
TotalPageFile size 23946M (AvailPageFile size 0M)
current process WorkingSet (physical memory assigned to process): 359M, peak: 359M
current process commit charge ("private bytes"): 413M, peak: 413M

vm_info: Java HotSpot(TM) 64-Bit Server VM (22.0.1+8-16) for windows-amd64 JRE (22.0.1+8-16), built on 2024-03-12T10:33:16Z by "mach5one" with MS VC++ 17.6 (VS2022)

END.
